#
# There is insufficient memory for the Java Runtime Environment to continue.
# Native memory allocation (malloc) failed to allocate 413296 bytes for Chunk::new
# Possible reasons:
#   The system is out of physical RAM or swap space
#   The process is running with CompressedOops enabled, and the Java Heap may be blocking the growth of the native heap
# Possible solutions:
#   Reduce memory load on the system
#   Increase physical memory or swap space
#   Check if swap backing store is full
#   Decrease Java heap size (-Xmx/-Xms)
#   Decrease number of Java threads
#   Decrease Java thread stack sizes (-Xss)
#   Set larger code cache with -XX:ReservedCodeCacheSize=
#   JVM is running with Unscaled Compressed Oops mode in which the Java heap is
#     placed in the first 4GB address space. The Java Heap base address is the
#     maximum limit for the native heap growth. Please use -XX:HeapBaseMinAddress
#     to set the Java Heap base and to place the Java Heap above 4GB virtual address.
# This output file may be truncated or incomplete.
#
#  Out of Memory Error (allocation.cpp:389), pid=7288, tid=0x0000000000001d14
#
# JRE version: OpenJDK Runtime Environment (8.0_212-b04) (build 1.8.0_212-1-ojdkbuild-b04)
# Java VM: OpenJDK 64-Bit Server VM (25.212-b04 mixed mode windows-amd64 compressed oops)
# Failed to write core dump. Minidumps are not enabled by default on client versions of Windows
#

---------------  T H R E A D  ---------------

Current thread (0x000000005517e800):  JavaThread "C2 CompilerThread1" daemon [_thread_in_native, id=7444, stack(0x0000000056b90000,0x0000000056c90000)]

Stack: [0x0000000056b90000,0x0000000056c90000]
[error occurred during error reporting (printing stack bounds), id 0xc0000005]

Native frames: (J=compiled Java code, j=interpreted, Vv=VM code, C=native code)


Current CompileTask:
C2:   2135 1687   !   4       com.sun.org.apache.xerces.internal.impl.XMLDocumentFragmentScannerImpl$FragmentContentDriver::next (2346 bytes)


---------------  P R O C E S S  ---------------

Java Threads: ( => current thread )
  0x0000000057ef3000 JavaThread "Keep-Alive-Timer" daemon [_thread_blocked, id=2108, stack(0x0000000059770000,0x0000000059870000)]
  0x000000005726e000 JavaThread "ReaderThread" [_thread_in_native, id=2996, stack(0x0000000057b80000,0x0000000057c80000)]
  0x00000000557fb800 JavaThread "Service Thread" daemon [_thread_blocked, id=3240, stack(0x0000000056f70000,0x0000000057070000)]
  0x000000005517f000 JavaThread "C1 CompilerThread2" daemon [_thread_blocked, id=4560, stack(0x0000000056cf0000,0x0000000056df0000)]
=>0x000000005517e800 JavaThread "C2 CompilerThread1" daemon [_thread_in_native, id=7444, stack(0x0000000056b90000,0x0000000056c90000)]
  0x0000000055780800 JavaThread "C2 CompilerThread0" daemon [_thread_in_native, id=7440, stack(0x00000000569c0000,0x0000000056ac0000)]
  0x0000000055793000 JavaThread "Attach Listener" daemon [_thread_blocked, id=7400, stack(0x00000000568a0000,0x00000000569a0000)]
  0x0000000055792800 JavaThread "Signal Dispatcher" daemon [_thread_blocked, id=7408, stack(0x0000000056700000,0x0000000056800000)]
  0x000000005516f000 JavaThread "Finalizer" daemon [_thread_blocked, id=7404, stack(0x00000000565d0000,0x00000000566d0000)]
  0x0000000055168000 JavaThread "Reference Handler" daemon [_thread_blocked, id=7392, stack(0x0000000056370000,0x0000000056470000)]
  0x000000000241e800 JavaThread "main" [_thread_in_vm, id=7320, stack(0x00000000025d0000,0x00000000026d0000)]

Other Threads:
  0x00000000550ef800 VMThread [stack: 0x0000000056490000,0x0000000056590000] [id=7396]
  0x00000000557fc800 WatcherThread [stack: 0x00000000570e0000,0x00000000571e0000] [id=4204]

VM state:not at safepoint (normal execution)

VM Mutex/Monitor currently owned by a thread: None

heap address: 0x00000000c1200000, size: 1006 MB, Compressed Oops mode: 32-bit
Narrow klass base: 0x0000000000000000, Narrow klass shift: 0
Compressed class space size: 1073741824 Address: 0x0000000014780000

Heap:
 PSYoungGen      total 18944K, used 5478K [0x00000000eb100000, 0x00000000ec600000, 0x0000000100000000)
  eden space 16384K, 17% used [0x00000000eb100000,0x00000000eb3df000,0x00000000ec100000)
  from space 2560K, 99% used [0x00000000ec380000,0x00000000ec5fa870,0x00000000ec600000)
  to   space 2560K, 0% used [0x00000000ec100000,0x00000000ec100000,0x00000000ec380000)
 ParOldGen       total 44032K, used 8043K [0x00000000c1200000, 0x00000000c3d00000, 0x00000000eb100000)
  object space 44032K, 18% used [0x00000000c1200000,0x00000000c19dad30,0x00000000c3d00000)
 Metaspace       used 19509K, capacity 19806K, committed 20224K, reserved 1067008K
  class space    used 2125K, capacity 2225K, committed 2304K, reserved 1048576K

Card table byte_map: [0x0000000011a90000,0x0000000011c90000] byte_map_base: 0x0000000011487000

Marking Bits: (ParMarkBitMap*) 0x000000006fc4aec0
 Begin Bits: [0x0000000012610000, 0x00000000135c8000)
 End Bits:   [0x00000000135c8000, 0x0000000014580000)

Polling page: 0x0000000000220000

CodeCache: size=245760Kb used=6258Kb max_used=6268Kb free=239501Kb
 bounds [0x00000000026d0000, 0x0000000002d00000, 0x00000000116d0000]
 total_blobs=2162 nmethods=1751 adapters=324
 compilation: enabled

Compilation events (250 events):
Event: 1.948 Thread 0x000000005517f000 1631       3       java.util.LinkedList::add (32 bytes)
Event: 1.949 Thread 0x000000005517f000 nmethod 1631 0x0000000002c684d0 code [0x0000000002c686a0, 0x0000000002c68ce8]
Event: 1.949 Thread 0x000000005517f000 1632       3       java.util.regex.Pattern$Node::match (27 bytes)
Event: 1.950 Thread 0x000000005517f000 nmethod 1632 0x0000000002c68f10 code [0x0000000002c69080, 0x0000000002c69230]
Event: 1.950 Thread 0x000000005517f000 1633       3       org.springframework.util.AntPathMatcher::skipSegment (75 bytes)
Event: 1.950 Thread 0x000000005517f000 nmethod 1633 0x0000000002c69350 code [0x0000000002c69520, 0x0000000002c69e08]
Event: 1.950 Thread 0x000000005517f000 1634       3       java.lang.StringBuilder::append (9 bytes)
Event: 1.950 Thread 0x000000005517f000 nmethod 1634 0x0000000002c6a290 code [0x0000000002c6a420, 0x0000000002c6a818]
Event: 1.950 Thread 0x000000005517f000 1635       3       java.util.LinkedHashMap::keySet (25 bytes)
Event: 1.951 Thread 0x000000005517f000 nmethod 1635 0x0000000002c6a990 code [0x0000000002c6ab00, 0x0000000002c6ae90]
Event: 1.951 Thread 0x000000005517f000 1636       3       java.lang.Class::privateGetDeclaredMethods (67 bytes)
Event: 1.951 Thread 0x000000005517f000 nmethod 1636 0x0000000002c6b010 code [0x0000000002c6b200, 0x0000000002c6bb08]
Event: 1.951 Thread 0x000000005517f000 1638       1       sun.reflect.ByteVectorImpl::getLength (7 bytes)
Event: 1.951 Thread 0x000000005517f000 nmethod 1638 0x0000000002c6be90 code [0x0000000002c6bfe0, 0x0000000002c6c0f0]
Event: 1.951 Thread 0x000000005517f000 1637       3       sun.reflect.ClassFileAssembler::emitConstantPoolNameAndType (28 bytes)
Event: 1.952 Thread 0x000000005517f000 nmethod 1637 0x0000000002c6c150 code [0x0000000002c6c340, 0x0000000002c6ca08]
Event: 1.952 Thread 0x000000005517f000 1639       1       sun.reflect.ClassFileAssembler::getStack (5 bytes)
Event: 1.952 Thread 0x000000005517f000 nmethod 1639 0x0000000002c6cf90 code [0x0000000002c6d0e0, 0x0000000002c6d1f0]
Event: 1.952 Thread 0x000000005517f000 1640       3       java.lang.Class::annotationData (44 bytes)
Event: 1.952 Thread 0x000000005517f000 nmethod 1640 0x0000000002c6d250 code [0x0000000002c6d3e0, 0x0000000002c6d748]
Event: 1.955 Thread 0x000000005517f000 1642       3       org.springframework.asm.Type::getReturnType (49 bytes)
Event: 1.956 Thread 0x000000005517f000 nmethod 1642 0x0000000002c6dc50 code [0x0000000002c6de00, 0x0000000002c6e338]
Event: 1.956 Thread 0x000000005517f000 1643       3       sun.reflect.annotation.AnnotationParser::toArray (18 bytes)
Event: 1.957 Thread 0x000000005517f000 nmethod 1643 0x0000000002c6e590 code [0x0000000002c6e720, 0x0000000002c6ead8]
Event: 1.959 Thread 0x000000005517f000 1644       3       java.util.AbstractList::listIterator (6 bytes)
Event: 1.959 Thread 0x000000005517f000 nmethod 1644 0x0000000002c6ebd0 code [0x0000000002c6ed40, 0x0000000002c6ef48]
Event: 1.962 Thread 0x000000005517f000 1645       3       org.springframework.asm.MethodVisitor::visitInsn (16 bytes)
Event: 1.962 Thread 0x000000005517f000 nmethod 1645 0x0000000002c6efd0 code [0x0000000002c6f140, 0x0000000002c6f388]
Event: 1.971 Thread 0x000000005517f000 1647       3       com.sun.org.apache.xerces.internal.dom.NodeImpl::needsSyncChildren (26 bytes)
Event: 1.972 Thread 0x000000005517f000 nmethod 1647 0x0000000002c6fa50 code [0x0000000002c6fba0, 0x0000000002c6fd50]
Event: 1.972 Thread 0x000000005517f000 1648       3       com.sun.org.apache.xerces.internal.dom.NamedNodeMapImpl::getNamedItem (32 bytes)
Event: 1.972 Thread 0x000000005517f000 nmethod 1648 0x0000000002c6fdd0 code [0x0000000002c6ff60, 0x0000000002c70398]
Event: 1.972 Thread 0x000000005517f000 1649       3       java.lang.Class::newReflectionData (74 bytes)
Event: 1.973 Thread 0x000000005517f000 nmethod 1649 0x0000000002c70490 code [0x0000000002c70660, 0x0000000002c70ff0]
Event: 1.975 Thread 0x000000005517f000 1651       3       java.util.jar.Attributes$Name::equals (39 bytes)
Event: 1.975 Thread 0x000000005517f000 nmethod 1651 0x0000000002c713d0 code [0x0000000002c71560, 0x0000000002c719e8]
Event: 1.980 Thread 0x000000005517f000 1652       3       com.sun.org.apache.xerces.internal.xni.XMLString::<init> (5 bytes)
Event: 1.981 Thread 0x000000005517f000 nmethod 1652 0x0000000002c73010 code [0x0000000002c73160, 0x0000000002c73310]
Event: 1.981 Thread 0x000000005517f000 1653       3       com.sun.org.apache.xerces.internal.impl.XMLEntityScanner::invokeListeners (37 bytes)
Event: 1.981 Thread 0x000000005517f000 nmethod 1653 0x0000000002c733d0 code [0x0000000002c735a0, 0x0000000002c73d68]
Event: 1.981 Thread 0x000000005517f000 1654       1       java.util.Arrays$ArrayList::size (6 bytes)
Event: 1.982 Thread 0x000000005517f000 nmethod 1654 0x0000000002c74150 code [0x0000000002c742a0, 0x0000000002c743b0]
Event: 1.982 Thread 0x000000005517f000 1655       3       com.sun.org.apache.xerces.internal.parsers.XML11Configuration::getPropertyState (23 bytes)
Event: 1.982 Thread 0x000000005517f000 nmethod 1655 0x0000000002c7c890 code [0x0000000002c7ca80, 0x0000000002c7d428]
Event: 1.982 Thread 0x000000005517f000 1658       3       java.io.ExpiringCache::entryFor (57 bytes)
Event: 1.982 Thread 0x000000005517f000 nmethod 1658 0x0000000002c7d850 code [0x0000000002c7d9e0, 0x0000000002c7df18]
Event: 1.982 Thread 0x000000005517f000 1657       3       com.sun.org.apache.xerces.internal.impl.XMLEntityScanner::load (200 bytes)
Event: 1.983 Thread 0x000000005517f000 nmethod 1657 0x0000000002c7e0d0 code [0x0000000002c7e280, 0x0000000002c7e898]
Event: 1.983 Thread 0x000000005517f000 1656       1       com.sun.org.apache.xerces.internal.util.XMLResourceIdentifierImpl::getExpandedSystemId (5 bytes)
Event: 1.983 Thread 0x000000005517f000 nmethod 1656 0x0000000002c7eb50 code [0x0000000002c7eca0, 0x0000000002c7edb0]
Event: 1.983 Thread 0x000000005517f000 1659       3       com.sun.org.apache.xerces.internal.util.ParserConfigurationSettings::getFeature (20 bytes)
Event: 1.983 Thread 0x000000005517f000 nmethod 1659 0x0000000002c7ee10 code [0x0000000002c7ef80, 0x0000000002c7f308]
Event: 1.983 Thread 0x000000005517f000 1661       3       com.sun.org.apache.xerces.internal.util.SymbolTable$Entry::<init> (47 bytes)
Event: 1.984 Thread 0x000000005517f000 nmethod 1661 0x0000000002c7f450 code [0x0000000002c7f620, 0x0000000002c7fd68]
Event: 1.984 Thread 0x000000005517f000 1662       3       java.io.FilterInputStream::read (11 bytes)
Event: 1.984 Thread 0x000000005517f000 nmethod 1662 0x0000000002c800d0 code [0x0000000002c80240, 0x0000000002c80468]
Event: 1.985 Thread 0x000000005517f000 1663       3       com.sun.org.apache.xerces.internal.impl.xs.opti.SchemaDOMParser::startCDATA (16 bytes)
Event: 1.985 Thread 0x000000005517f000 nmethod 1663 0x0000000002c80550 code [0x0000000002c806e0, 0x0000000002c80ba8]
Event: 1.985 Thread 0x000000005517f000 1664       3       com.sun.org.apache.xerces.internal.impl.xs.opti.SchemaDOM::startAnnotationCDATA (16 bytes)
Event: 1.985 Thread 0x000000005517f000 nmethod 1664 0x0000000002c80d90 code [0x0000000002c80f00, 0x0000000002c81328]
Event: 1.985 Thread 0x000000005517f000 1665       3       com.sun.org.apache.xerces.internal.impl.xs.opti.SchemaDOMParser::endCDATA (16 bytes)
Event: 1.986 Thread 0x000000005517f000 nmethod 1665 0x0000000002c81490 code [0x0000000002c81620, 0x0000000002c81ae8]
Event: 1.986 Thread 0x000000005517f000 1666       3       com.sun.org.apache.xerces.internal.impl.xs.opti.SchemaDOM::endAnnotationCDATA (16 bytes)
Event: 1.986 Thread 0x000000005517f000 nmethod 1666 0x0000000002c81cd0 code [0x0000000002c81e40, 0x0000000002c82268]
Event: 1.986 Thread 0x000000005517f000 1668       3       com.sun.org.apache.xerces.internal.impl.xs.opti.ElementImpl::getAttribute (50 bytes)
Event: 1.987 Thread 0x000000005517f000 nmethod 1668 0x0000000002c823d0 code [0x0000000002c82580, 0x0000000002c82a48]
Event: 1.987 Thread 0x000000005517f000 1669       3       com.sun.org.apache.xerces.internal.util.XMLChar::isName (23 bytes)
Event: 1.987 Thread 0x000000005517f000 nmethod 1669 0x0000000002c82c50 code [0x0000000002c82dc0, 0x0000000002c82fb0]
Event: 1.987 Thread 0x000000005517f000 1670   !   3       com.sun.org.apache.xerces.internal.impl.dv.xs.AnyURIDV::encode (259 bytes)
Event: 1.989 Thread 0x0000000055780800 nmethod 1474 0x0000000002c83090 code [0x0000000002c83540, 0x0000000002c8a158]
Event: 1.989 Thread 0x0000000055780800 1650       4       java.lang.String::regionMatches (149 bytes)
Event: 1.992 Thread 0x000000005517f000 nmethod 1670 0x0000000002c8fb90 code [0x0000000002c90220, 0x0000000002c95b78]
Event: 1.992 Thread 0x000000005517f000 1672       3       com.sun.org.apache.xerces.internal.impl.xs.XSAttributeGroupDecl::getAttributeUseNoProhibited (70 bytes)
Event: 1.992 Thread 0x000000005517f000 nmethod 1672 0x0000000002c72a10 code [0x0000000002c72b80, 0x0000000002c72e90]
Event: 1.992 Thread 0x000000005517f000 1673       3       com.sun.org.apache.xerces.internal.util.SymbolHash::put (158 bytes)
Event: 1.993 Thread 0x000000005517f000 nmethod 1673 0x0000000002c7ab50 code [0x0000000002c7ade0, 0x0000000002c7c078]
Event: 1.993 Thread 0x000000005517f000 1679       3       com.sun.org.apache.xerces.internal.utils.XMLLimitAnalyzer::addValue (260 bytes)
Event: 1.994 Thread 0x000000005517f000 nmethod 1679 0x0000000002c78110 code [0x0000000002c78400, 0x0000000002c79d48]
Event: 1.994 Thread 0x000000005517f000 1676       3       com.sun.org.apache.xerces.internal.impl.xs.traversers.XSDHandler::getGlobalDecl (813 bytes)
Event: 1.999 Thread 0x000000005517f000 nmethod 1676 0x0000000002c9a490 code [0x0000000002c9ad60, 0x0000000002ca1f18]
Event: 1.999 Thread 0x000000005517f000 1681       3       com.sun.org.apache.xerces.internal.util.XMLStringBuffer::append (17 bytes)
Event: 1.999 Thread 0x000000005517f000 nmethod 1681 0x0000000002c72610 code [0x0000000002c72780, 0x0000000002c72928]
Event: 1.999 Thread 0x000000005517f000 1674       3       com.sun.org.apache.xerces.internal.util.SymbolHash$Entry::<init> (20 bytes)
Event: 1.999 Thread 0x000000005517f000 nmethod 1674 0x0000000002c72210 code [0x0000000002c72360, 0x0000000002c72550]
Event: 1.999 Thread 0x000000005517f000 1671       3       com.sun.org.apache.xerces.internal.impl.xs.traversers.XSDocumentInfo::isAllowedNS (18 bytes)
Event: 1.999 Thread 0x000000005517f000 nmethod 1671 0x0000000002c71c10 code [0x0000000002c71d80, 0x0000000002c72128]
Event: 2.000 Thread 0x000000005517f000 1675       3       com.sun.org.apache.xerces.internal.util.DOMUtil::getParent (21 bytes)
Event: 2.000 Thread 0x000000005517f000 nmethod 1675 0x0000000002c76550 code [0x0000000002c766e0, 0x0000000002c76b28]
Event: 2.000 Thread 0x000000005517f000 1678       3       com.sun.org.apache.xerces.internal.impl.xs.util.XSObjectListImpl::item (21 bytes)
Event: 2.000 Thread 0x000000005517f000 nmethod 1678 0x0000000002ca5850 code [0x0000000002ca59c0, 0x0000000002ca5bd0]
Event: 2.000 Thread 0x000000005517f000 1677       1       com.sun.org.apache.xerces.internal.impl.xs.util.XSObjectListImpl::getLength (5 bytes)
Event: 2.000 Thread 0x000000005517f000 nmethod 1677 0x0000000002ca71d0 code [0x0000000002ca7320, 0x0000000002ca7430]
Event: 2.000 Thread 0x0000000055780800 nmethod 1650 0x0000000002ca7490 code [0x0000000002ca7620, 0x0000000002ca7e58]
Event: 2.000 Thread 0x0000000055780800 1682       4       com.sun.org.apache.xerces.internal.impl.XMLEntityScanner::peekChar (63 bytes)
Event: 2.001 Thread 0x000000005517f000 1685       3       com.sun.org.apache.xerces.internal.impl.XMLDocumentFragmentScannerImpl::scanContent (171 bytes)
Event: 2.001 Thread 0x0000000055780800 nmethod 1682 0x0000000002c74950 code [0x0000000002c74aa0, 0x0000000002c74bc8]
Event: 2.002 Thread 0x0000000055780800 1680       4       com.sun.org.apache.xerces.internal.impl.XMLEntityScanner::scanContent (690 bytes)
Event: 2.002 Thread 0x000000005517f000 nmethod 1685 0x0000000002c76f90 code [0x0000000002c77200, 0x0000000002c77bd8]
Event: 2.003 Thread 0x000000005517f000 1688       2       java.util.HashMap::clear (50 bytes)
Event: 2.003 Thread 0x000000005517f000 nmethod 1688 0x0000000002c74450 code [0x0000000002c745a0, 0x0000000002c74790]
Event: 2.003 Thread 0x000000005517f000 1689       2       com.sun.org.apache.xerces.internal.util.DOMUtil::getAttrValue (8 bytes)
Event: 2.004 Thread 0x000000005517f000 nmethod 1689 0x0000000002c76c10 code [0x0000000002c76d80, 0x0000000002c76ee8]
Event: 2.004 Thread 0x000000005517f000 1690       2       com.sun.org.apache.xerces.internal.impl.xs.traversers.XSDHandler::checkForDuplicateNames (723 bytes)
Event: 2.004 Thread 0x000000005517e800 nmethod 1562 0x0000000002cacbd0 code [0x0000000002cacea0, 0x0000000002cafb70]
Event: 2.004 Thread 0x000000005517e800 1660       4       com.sun.org.apache.xerces.internal.impl.io.UTF8Reader::read (1443 bytes)
Event: 2.006 Thread 0x000000005517f000 nmethod 1690 0x0000000002cb3510 code [0x0000000002cb3a80, 0x0000000002cb5d38]
Event: 2.006 Thread 0x000000005517f000 1692       1       com.sun.org.apache.xerces.internal.impl.dv.xs.TypeValidator::checkExtraRules (1 bytes)
Event: 2.006 Thread 0x000000005517f000 nmethod 1692 0x0000000002ca6f10 code [0x0000000002ca7060, 0x0000000002ca7170]
Event: 2.006 Thread 0x000000005517f000 1693       3       com.sun.org.apache.xerces.internal.impl.xs.XSAttributeGroupDecl::addAttributeUse (97 bytes)
Event: 2.007 Thread 0x000000005517f000 nmethod 1693 0x0000000002ca6310 code [0x0000000002ca64c0, 0x0000000002ca6bf8]
Event: 2.007 Thread 0x000000005517f000 1694       3       com.sun.org.apache.xerces.internal.impl.xs.XSAttributeDecl::<init> (55 bytes)
Event: 2.007 Thread 0x000000005517f000 nmethod 1694 0x0000000002ca5ed0 code [0x0000000002ca6020, 0x0000000002ca6270]
Event: 2.007 Thread 0x000000005517f000 1695       3       com.sun.org.apache.xerces.internal.util.SymbolTable$Entry::<init> (43 bytes)
Event: 2.007 Thread 0x000000005517f000 nmethod 1695 0x0000000002c75d10 code [0x0000000002c75ea0, 0x0000000002c76398]
Event: 2.007 Thread 0x000000005517f000 1691       2       com.sun.org.apache.xerces.internal.impl.xs.opti.NodeImpl::setReadOnly (6 bytes)
Event: 2.007 Thread 0x000000005517f000 nmethod 1691 0x0000000002c75a10 code [0x0000000002c75b60, 0x0000000002c75cb0]
Event: 2.007 Thread 0x000000005517f000 1696   !   3       com.sun.org.apache.xerces.internal.impl.xs.traversers.XSAttributeChecker::validate (1841 bytes)
Event: 2.016 Thread 0x0000000055780800 nmethod 1680 0x0000000002ca8890 code [0x0000000002ca8a20, 0x0000000002ca91a8]
Event: 2.016 Thread 0x0000000055780800 1684       4       com.sun.org.apache.xerces.internal.impl.xs.opti.SchemaDOMParser::characters (110 bytes)
Event: 2.017 Thread 0x000000005517f000 nmethod 1696 0x0000000002cb8010 code [0x0000000002cb8e80, 0x0000000002cc45f8]
Event: 2.017 Thread 0x000000005517f000 1705       3       com.sun.org.apache.xerces.internal.impl.dtd.models.CMStateSet::union (72 bytes)
Event: 2.018 Thread 0x000000005517f000 nmethod 1705 0x0000000002c75410 code [0x0000000002c75580, 0x0000000002c75850]
Event: 2.018 Thread 0x000000005517f000 1701       3       com.sun.org.apache.xerces.internal.impl.xs.traversers.XSDAbstractTraverser::checkOccurrences (316 bytes)
Event: 2.019 Thread 0x000000005517f000 nmethod 1701 0x0000000002caa510 code [0x0000000002caa7c0, 0x0000000002cac0a8]
Event: 2.019 Thread 0x000000005517f000 1699       3       com.sun.org.apache.xerces.internal.util.DOMUtil::isHidden (23 bytes)
Event: 2.019 Thread 0x000000005517f000 nmethod 1699 0x0000000002ca9dd0 code [0x0000000002ca9f60, 0x0000000002caa408]
Event: 2.019 Thread 0x000000005517f000 1698       3       com.sun.org.apache.xerces.internal.impl.xs.traversers.XSDHandler::schemaDocument2SystemId (17 bytes)
Event: 2.019 Thread 0x000000005517f000 nmethod 1698 0x0000000002ca9810 code [0x0000000002ca9980, 0x0000000002ca9c88]
Event: 2.019 Thread 0x000000005517f000 1708       1       com.sun.org.apache.xerces.internal.impl.xs.XMLSchemaValidator$XPathMatcherStack::getMatcherCount (5 bytes)
Event: 2.019 Thread 0x000000005517f000 nmethod 1708 0x0000000002c75150 code [0x0000000002c752a0, 0x0000000002c753b0]
Event: 2.019 Thread 0x000000005517f000 1706       1       com.sun.org.apache.xerces.internal.impl.xs.AttributePSVImpl::getMemberTypeDefinition (5 bytes)
Event: 2.020 Thread 0x000000005517f000 nmethod 1706 0x0000000002c74e90 code [0x0000000002c74fe0, 0x0000000002c750f0]
Event: 2.020 Thread 0x000000005517f000 1707       1       com.sun.org.apache.xerces.internal.impl.xs.AttributePSVImpl::getTypeDefinition (5 bytes)
Event: 2.020 Thread 0x000000005517f000 nmethod 1707 0x0000000002ccad10 code [0x0000000002ccae60, 0x0000000002ccaf70]
Event: 2.020 Thread 0x000000005517f000 1702       1       com.sun.org.apache.xerces.internal.impl.xs.models.XSCMLeaf::getPosition (5 bytes)
Event: 2.020 Thread 0x000000005517f000 nmethod 1702 0x0000000002ccafd0 code [0x0000000002ccb120, 0x0000000002ccb230]
Event: 2.020 Thread 0x000000005517f000 1703       1       com.sun.org.apache.xerces.internal.impl.xs.models.XSCMLeaf::getLeaf (5 bytes)
Event: 2.020 Thread 0x000000005517f000 nmethod 1703 0x0000000002ccb290 code [0x0000000002ccb3e0, 0x0000000002ccb4f0]
Event: 2.020 Thread 0x000000005517f000 1704       1       com.sun.org.apache.xerces.internal.impl.dtd.models.CMNode::getUserData (5 bytes)
Event: 2.020 Thread 0x000000005517f000 nmethod 1704 0x0000000002ccb550 code [0x0000000002ccb6a0, 0x0000000002ccb7b0]
Event: 2.020 Thread 0x000000005517f000 1700       3       java.lang.Long::longValue (5 bytes)
Event: 2.020 Thread 0x000000005517f000 nmethod 1700 0x0000000002ccb810 code [0x0000000002ccb960, 0x0000000002ccbab0]
Event: 2.020 Thread 0x000000005517f000 1697       1       com.sun.org.apache.xerces.internal.impl.xs.XSElementDecl::getNamespaceItem (5 bytes)
Event: 2.020 Thread 0x000000005517f000 nmethod 1697 0x0000000002ccbb10 code [0x0000000002ccbc60, 0x0000000002ccbd70]
Event: 2.020 Thread 0x000000005517f000 1709       1       com.sun.org.apache.xerces.internal.dom.DocumentImpl::getMutationEvents (5 bytes)
Event: 2.020 Thread 0x000000005517f000 nmethod 1709 0x0000000002ccbdd0 code [0x0000000002ccbf20, 0x0000000002ccc030]
Event: 2.021 Thread 0x000000005517e800 nmethod 1660 0x0000000002ccf710 code [0x0000000002ccf8a0, 0x0000000002cd02c8]
Event: 2.021 Thread 0x000000005517e800 1607       4       com.sun.org.apache.xerces.internal.impl.XMLEntityScanner::skipString (122 bytes)
Event: 2.025 Thread 0x000000005517f000 1710       3       sun.misc.JarIndex::get (49 bytes)
Event: 2.025 Thread 0x000000005517f000 nmethod 1710 0x0000000002cce9d0 code [0x0000000002cceba0, 0x0000000002ccf3d8]
Event: 2.027 Thread 0x000000005517e800 nmethod 1607 0x0000000002ccc4d0 code [0x0000000002ccc660, 0x0000000002cccc88]
Event: 2.027 Thread 0x000000005517e800 1608       4       com.sun.org.apache.xerces.internal.impl.XMLEntityScanner::skipSpaces (350 bytes)
Event: 2.028 Thread 0x0000000055780800 nmethod 1684 0x0000000002cd14d0 code [0x0000000002cd1660, 0x0000000002cd2308]
Event: 2.028 Thread 0x0000000055780800 1667 %     4       com.sun.org.apache.xerces.internal.impl.XMLEntityScanner::scanData @ 721 (1108 bytes)
Event: 2.032 Thread 0x000000005517e800 nmethod 1608 0x0000000002cd4fd0 code [0x0000000002cd5160, 0x0000000002cd5650]
Event: 2.032 Thread 0x000000005517e800 1687   !   4       com.sun.org.apache.xerces.internal.impl.XMLDocumentFragmentScannerImpl$FragmentContentDriver::next (2346 bytes)
Event: 2.037 Thread 0x000000005517f000 1711   !   3       sun.misc.URLClassPath$JarLoader::getResource (353 bytes)
Event: 2.039 Thread 0x000000005517f000 nmethod 1711 0x0000000002cd5b50 code [0x0000000002cd5f60, 0x0000000002cd7e08]
Event: 2.040 Thread 0x000000005517f000 1712       3       java.util.Stack::push (7 bytes)
Event: 2.040 Thread 0x000000005517f000 nmethod 1712 0x0000000002cd1090 code [0x0000000002cd1200, 0x0000000002cd1408]
Event: 2.041 Thread 0x000000005517f000 1713       1       org.springframework.beans.factory.support.AbstractBeanDefinition::getPropertyValues (5 bytes)
Event: 2.041 Thread 0x000000005517f000 nmethod 1713 0x0000000002cce710 code [0x0000000002cce860, 0x0000000002cce970]
Event: 2.045 Thread 0x000000005517f000 1714       3       java.util.LinkedList::add (7 bytes)
Event: 2.045 Thread 0x000000005517f000 nmethod 1714 0x0000000002cce310 code [0x0000000002cce480, 0x0000000002cce688]
Event: 2.045 Thread 0x000000005517f000 1715       3       com.sun.org.apache.xerces.internal.dom.DeferredDocumentImpl::getNodeObject (510 bytes)
Event: 2.047 Thread 0x000000005517f000 nmethod 1715 0x0000000002cd98d0 code [0x0000000002cd9d80, 0x0000000002cdc8a8]
Event: 2.047 Thread 0x000000005517f000 1720       3       com.sun.org.apache.xerces.internal.dom.DeferredDocumentImpl::getPrevSibling (106 bytes)
Event: 2.048 Thread 0x000000005517f000 nmethod 1720 0x0000000002cd3f90 code [0x0000000002cd4160, 0x0000000002cd4870]
Event: 2.048 Thread 0x000000005517f000 1719       3       com.sun.org.apache.xerces.internal.dom.DeferredDocumentImpl::getPrevSibling (7 bytes)
Event: 2.048 Thread 0x000000005517f000 nmethod 1719 0x0000000002ccdf50 code [0x0000000002cce0c0, 0x0000000002cce268]
Event: 2.048 Thread 0x000000005517f000 1716       3       com.sun.org.apache.xerces.internal.dom.NodeImpl::isOwned (27 bytes)
Event: 2.048 Thread 0x000000005517f000 nmethod 1716 0x0000000002ccdbd0 code [0x0000000002ccdd20, 0x0000000002ccded0]
Event: 2.048 Thread 0x000000005517f000 1717       3       com.sun.org.apache.xerces.internal.dom.DeferredDocumentImpl::getLastChild (7 bytes)
Event: 2.048 Thread 0x000000005517f000 nmethod 1717 0x0000000002ccd810 code [0x0000000002ccd980, 0x0000000002ccdb28]
Event: 2.048 Thread 0x000000005517f000 1721       1       com.sun.org.apache.xerces.internal.dom.AttrImpl::getNodeType (2 bytes)
Event: 2.048 Thread 0x000000005517f000 nmethod 1721 0x0000000002ccd4d0 code [0x0000000002ccd620, 0x0000000002ccd730]
Event: 2.048 Thread 0x000000005517f000 1718       1       org.springframework.beans.factory.support.AbstractBeanDefinition::getMethodOverrides (5 bytes)
Event: 2.048 Thread 0x000000005517f000 nmethod 1718 0x0000000002cd3cd0 code [0x0000000002cd3e20, 0x0000000002cd3f30]
Event: 2.051 Thread 0x000000005517f000 1722       3       org.springframework.util.StringUtils::hasText (20 bytes)
Event: 2.052 Thread 0x000000005517f000 nmethod 1722 0x0000000002cd35d0 code [0x0000000002cd3760, 0x0000000002cd3b88]
Event: 2.053 Thread 0x000000005517f000 1723       1       org.springframework.beans.factory.support.AbstractBeanDefinitionReader::getRegistry (5 bytes)
Event: 2.053 Thread 0x000000005517f000 nmethod 1723 0x0000000002cd3310 code [0x0000000002cd3460, 0x0000000002cd3570]
Event: 2.059 Thread 0x000000005517f000 1724       3       com.sun.org.apache.xerces.internal.dom.NodeImpl::hasStringValue (29 bytes)
Event: 2.059 Thread 0x000000005517f000 nmethod 1724 0x0000000002cd2f90 code [0x0000000002cd30e0, 0x0000000002cd3290]
Event: 2.059 Thread 0x000000005517f000 1725       3       com.sun.org.apache.xerces.internal.dom.NodeImpl::ownerDocument (23 bytes)
Event: 2.059 Thread 0x000000005517f000 nmethod 1725 0x0000000002cde490 code [0x0000000002cde620, 0x0000000002cdea88]
Event: 2.063 Thread 0x000000005517f000 1726       3       java.lang.Class$MethodArray::removeByNameAndDescriptor (42 bytes)
Event: 2.064 Thread 0x0000000055780800 nmethod 1667% 0x0000000002ce29d0 code [0x0000000002ce2ba0, 0x0000000002ce3db8]
Event: 2.064 Thread 0x0000000055780800 1686       4       com.sun.org.apache.xerces.internal.impl.XMLNSDocumentScannerImpl::next (39 bytes)
Event: 2.064 Thread 0x000000005517f000 nmethod 1726 0x0000000002ce2390 code [0x0000000002ce2520, 0x0000000002ce2858]
Event: 2.065 Thread 0x0000000055780800 nmethod 1686 0x0000000002cdf150 code [0x0000000002cdf2a0, 0x0000000002cdf408]
Event: 2.065 Thread 0x0000000055780800 1488       4       java.lang.CharacterDataLatin1::isWhitespace (23 bytes)
Event: 2.066 Thread 0x0000000055780800 nmethod 1488 0x0000000002cd2d10 code [0x0000000002cd2e40, 0x0000000002cd2ed8]
Event: 2.066 Thread 0x0000000055780800 1591       4       com.sun.org.apache.xerces.internal.xni.QName::setValues (33 bytes)
Event: 2.066 Thread 0x0000000055780800 nmethod 1591 0x0000000002cdef10 code [0x0000000002cdf040, 0x0000000002cdf0d8]
Event: 2.071 Thread 0x000000005517f000 1727       3       java.util.jar.JavaUtilJarAccessImpl::getTrustedAttributes (6 bytes)
Event: 2.071 Thread 0x000000005517f000 nmethod 1727 0x0000000002ce1f90 code [0x0000000002ce2100, 0x0000000002ce22a8]
Event: 2.072 Thread 0x000000005517f000 1728       3       com.sun.org.apache.xerces.internal.dom.NamedNodeMapImpl::findNamePoint (108 bytes)
Event: 2.072 Thread 0x000000005517f000 nmethod 1728 0x0000000002ce1390 code [0x0000000002ce1560, 0x0000000002ce1cd8]
Event: 2.072 Thread 0x000000005517f000 1729       3       java.util.LinkedHashSet::<init> (9 bytes)
Event: 2.073 Thread 0x000000005517f000 nmethod 1729 0x0000000002ce0b90 code [0x0000000002ce0d40, 0x0000000002ce1148]
Event: 2.073 Thread 0x000000005517f000 1730       3       java.io.FileOutputStream::write (12 bytes)
Event: 2.073 Thread 0x000000005517f000 nmethod 1730 0x0000000002cdeb90 code [0x0000000002cded00, 0x0000000002cdee88]
Event: 2.073 Thread 0x000000005517f000 1731       3       org.apache.log4j.WriterAppender::subAppend (96 bytes)
Event: 2.074 Thread 0x000000005517f000 nmethod 1731 0x0000000002cdf8d0 code [0x0000000002cdfb00, 0x0000000002ce0608]
Event: 2.074 Thread 0x000000005517f000 1732       3       org.apache.log4j.AppenderSkeleton::isActive (20 bytes)
Event: 2.074 Thread 0x000000005517f000 nmethod 1732 0x0000000002ce4c10 code [0x0000000002ce4d60, 0x0000000002ce4f50]
Event: 2.074 Thread 0x000000005517f000 1733       3       org.apache.log4j.pattern.LoggerPatternConverter::format (21 bytes)
Event: 2.075 Thread 0x000000005517f000 nmethod 1733 0x0000000002ce4fd0 code [0x0000000002ce5160, 0x0000000002ce5958]
Event: 2.075 Thread 0x000000005517f000 1734       3       java.util.Calendar::internalSet (8 bytes)
Event: 2.075 Thread 0x000000005517f000 nmethod 1734 0x0000000002ce5bd0 code [0x0000000002ce5d20, 0x0000000002ce5e90]
Event: 2.076 Thread 0x0000000055780800 1735  s    4       java.lang.StringBuffer::toString (36 bytes)
Event: 2.079 Thread 0x000000005517f000 1736   !   3       java.lang.Package::getSystemPackage (63 bytes)
Event: 2.080 Thread 0x000000005517f000 nmethod 1736 0x0000000002ce5f90 code [0x0000000002ce6180, 0x0000000002ce6a38]
Event: 2.080 Thread 0x000000005517f000 1737       3       com.sun.org.apache.xerces.internal.dom.ParentNode::item (6 bytes)
Event: 2.080 Thread 0x000000005517f000 nmethod 1737 0x0000000002cea050 code [0x0000000002cea1c0, 0x0000000002cea348]
Event: 2.080 Thread 0x000000005517f000 1738       3       com.sun.org.apache.xerces.internal.dom.ParentNode::nodeListItem (226 bytes)
Event: 2.080 Thread 0x0000000055780800 nmethod 1735 0x0000000002cea3d0 code [0x0000000002cea520, 0x0000000002ceaa58]
Event: 2.081 Thread 0x000000005517f000 nmethod 1738 0x0000000002ce8b50 code [0x0000000002ce8d60, 0x0000000002ce9bc8]
Event: 2.085 Thread 0x000000005517f000 1739       3       sun.reflect.NativeConstructorAccessorImpl::newInstance (89 bytes)
Event: 2.086 Thread 0x000000005517f000 nmethod 1739 0x0000000002ceac50 code [0x0000000002ceaec0, 0x0000000002cec1b8]
Event: 2.100 Thread 0x000000005517f000 1741       1       java.lang.ref.Finalizer::access$000 (4 bytes)
Event: 2.100 Thread 0x000000005517f000 nmethod 1741 0x0000000002ce8510 code [0x0000000002ce8660, 0x0000000002ce8750]
Event: 2.101 Thread 0x000000005517f000 1742       3       com.sun.org.apache.xerces.internal.dom.ElementNSImpl::getLocalName (16 bytes)
Event: 2.101 Thread 0x000000005517f000 nmethod 1742 0x0000000002ce7f50 code [0x0000000002ce80c0, 0x0000000002ce8448]
Event: 2.104 Thread 0x000000005517f000 1743       3       com.sun.org.apache.xerces.internal.dom.ElementImpl::getNodeName (16 bytes)
Event: 2.104 Thread 0x000000005517f000 nmethod 1743 0x0000000002ce7990 code [0x0000000002ce7b00, 0x0000000002ce7e88]
Event: 2.106 Thread 0x000000005517f000 1744       3       java.lang.AbstractStringBuilder::append (50 bytes)
Event: 2.106 Thread 0x000000005517f000 nmethod 1744 0x0000000002cec9d0 code [0x0000000002cecba0, 0x0000000002ced2d8]
Event: 2.106 Thread 0x000000005517f000 1745       3       java.lang.StringBuilder::append (8 bytes)
Event: 2.107 Thread 0x000000005517f000 nmethod 1745 0x0000000002ce7610 code [0x0000000002ce7780, 0x0000000002ce7908]
Event: 2.107 Thread 0x000000005517f000 1746       3       org.springframework.core.AttributeAccessorSupport::<init> (17 bytes)
Event: 2.107 Thread 0x0000000055780800 1749       4       java.util.regex.Pattern$Node::match (27 bytes)
Event: 2.107 Thread 0x000000005517f000 nmethod 1746 0x0000000002ce6f10 code [0x0000000002ce70c0, 0x0000000002ce7408]
Event: 2.107 Thread 0x000000005517f000 1747       3       com.sun.org.apache.xerces.internal.dom.ElementImpl::getAttribute (52 bytes)
Event: 2.107 Thread 0x000000005517f000 nmethod 1747 0x0000000002ced5d0 code [0x0000000002ced7a0, 0x0000000002cee158]
Event: 2.107 Thread 0x000000005517f000 1748       1       org.springframework.context.support.GenericApplicationContext::getBeanFactory (5 bytes)
Event: 2.107 Thread 0x000000005517f000 nmethod 1748 0x0000000002cee390 code [0x0000000002cee4e0, 0x0000000002cee5f0]
Event: 2.107 Thread 0x000000005517f000 1750       3       org.springframework.beans.BeanMetadataAttributeAccessor::<init> (5 bytes)
Event: 2.107 Thread 0x0000000055780800 nmethod 1749 0x0000000002cf1310 code [0x0000000002cf1440, 0x0000000002cf14d8]
Event: 2.107 Thread 0x000000005517f000 nmethod 1750 0x0000000002cf0bd0 code [0x0000000002cf0d80, 0x0000000002cf1128]
Event: 2.109 Thread 0x0000000055780800 1751       4       java.lang.String::lastIndexOf (151 bytes)
Event: 2.113 Thread 0x000000005517f000 1752       3       java.util.regex.Pattern$TreeInfo::reset (21 bytes)
Event: 2.113 Thread 0x000000005517f000 nmethod 1752 0x0000000002cf0890 code [0x0000000002cf09e0, 0x0000000002cf0b50]
Event: 2.113 Thread 0x0000000055780800 nmethod 1751 0x0000000002ceec10 code [0x0000000002ceed60, 0x0000000002cef098]
Event: 2.118 Thread 0x000000005517f000 1753       3       sun.reflect.ConstructorAccessorImpl::<init> (5 bytes)
Event: 2.118 Thread 0x000000005517f000 nmethod 1753 0x0000000002cee7d0 code [0x0000000002cee940, 0x0000000002ceeb50]
Event: 2.122 Thread 0x0000000055780800 1754   !   4       java.net.URL::<init> (543 bytes)
Event: 2.125 Thread 0x000000005517f000 1757       1       java.security.PermissionCollection::isReadOnly (5 bytes)
Event: 2.126 Thread 0x000000005517f000 nmethod 1757 0x0000000002cf05d0 code [0x0000000002cf0720, 0x0000000002cf0830]

GC Heap History (8 events):
Event: 0.800 GC heap before
{Heap before GC invocations=1 (full 0):
 PSYoungGen      total 18944K, used 16384K [0x00000000eb100000, 0x00000000ec600000, 0x0000000100000000)
  eden space 16384K, 100% used [0x00000000eb100000,0x00000000ec100000,0x00000000ec100000)
  from space 2560K, 0% used [0x00000000ec380000,0x00000000ec380000,0x00000000ec600000)
  to   space 2560K, 0% used [0x00000000ec100000,0x00000000ec100000,0x00000000ec380000)
 ParOldGen       total 44032K, used 0K [0x00000000c1200000, 0x00000000c3d00000, 0x00000000eb100000)
  object space 44032K, 0% used [0x00000000c1200000,0x00000000c1200000,0x00000000c3d00000)
 Metaspace       used 8408K, capacity 8574K, committed 8704K, reserved 1056768K
  class space    used 906K, capacity 921K, committed 1024K, reserved 1048576K
Event: 0.804 GC heap after
Heap after GC invocations=1 (full 0):
 PSYoungGen      total 18944K, used 2551K [0x00000000eb100000, 0x00000000ec600000, 0x0000000100000000)
  eden space 16384K, 0% used [0x00000000eb100000,0x00000000eb100000,0x00000000ec100000)
  from space 2560K, 99% used [0x00000000ec100000,0x00000000ec37de58,0x00000000ec380000)
  to   space 2560K, 0% used [0x00000000ec380000,0x00000000ec380000,0x00000000ec600000)
 ParOldGen       total 44032K, used 801K [0x00000000c1200000, 0x00000000c3d00000, 0x00000000eb100000)
  object space 44032K, 1% used [0x00000000c1200000,0x00000000c12c8680,0x00000000c3d00000)
 Metaspace       used 8408K, capacity 8574K, committed 8704K, reserved 1056768K
  class space    used 906K, capacity 921K, committed 1024K, reserved 1048576K
}
Event: 1.265 GC heap before
{Heap before GC invocations=2 (full 0):
 PSYoungGen      total 18944K, used 18935K [0x00000000eb100000, 0x00000000ec600000, 0x0000000100000000)
  eden space 16384K, 100% used [0x00000000eb100000,0x00000000ec100000,0x00000000ec100000)
  from space 2560K, 99% used [0x00000000ec100000,0x00000000ec37de58,0x00000000ec380000)
  to   space 2560K, 0% used [0x00000000ec380000,0x00000000ec380000,0x00000000ec600000)
 ParOldGen       total 44032K, used 801K [0x00000000c1200000, 0x00000000c3d00000, 0x00000000eb100000)
  object space 44032K, 1% used [0x00000000c1200000,0x00000000c12c8680,0x00000000c3d00000)
 Metaspace       used 13267K, capacity 13490K, committed 13568K, reserved 1060864K
  class space    used 1443K, capacity 1509K, committed 1536K, reserved 1048576K
Event: 1.271 GC heap after
Heap after GC invocations=2 (full 0):
 PSYoungGen      total 18944K, used 2553K [0x00000000eb100000, 0x00000000ec600000, 0x0000000100000000)
  eden space 16384K, 0% used [0x00000000eb100000,0x00000000eb100000,0x00000000ec100000)
  from space 2560K, 99% used [0x00000000ec380000,0x00000000ec5fe640,0x00000000ec600000)
  to   space 2560K, 0% used [0x00000000ec100000,0x00000000ec100000,0x00000000ec380000)
 ParOldGen       total 44032K, used 2860K [0x00000000c1200000, 0x00000000c3d00000, 0x00000000eb100000)
  object space 44032K, 6% used [0x00000000c1200000,0x00000000c14cb180,0x00000000c3d00000)
 Metaspace       used 13267K, capacity 13490K, committed 13568K, reserved 1060864K
  class space    used 1443K, capacity 1509K, committed 1536K, reserved 1048576K
}
Event: 1.835 GC heap before
{Heap before GC invocations=3 (full 0):
 PSYoungGen      total 18944K, used 18937K [0x00000000eb100000, 0x00000000ec600000, 0x0000000100000000)
  eden space 16384K, 100% used [0x00000000eb100000,0x00000000ec100000,0x00000000ec100000)
  from space 2560K, 99% used [0x00000000ec380000,0x00000000ec5fe640,0x00000000ec600000)
  to   space 2560K, 0% used [0x00000000ec100000,0x00000000ec100000,0x00000000ec380000)
 ParOldGen       total 44032K, used 2860K [0x00000000c1200000, 0x00000000c3d00000, 0x00000000eb100000)
  object space 44032K, 6% used [0x00000000c1200000,0x00000000c14cb180,0x00000000c3d00000)
 Metaspace       used 18017K, capacity 18328K, committed 18432K, reserved 1064960K
  class space    used 1932K, capacity 2032K, committed 2048K, reserved 1048576K
Event: 1.844 GC heap after
Heap after GC invocations=3 (full 0):
 PSYoungGen      total 18944K, used 2554K [0x00000000eb100000, 0x00000000ec600000, 0x0000000100000000)
  eden space 16384K, 0% used [0x00000000eb100000,0x00000000eb100000,0x00000000ec100000)
  from space 2560K, 99% used [0x00000000ec100000,0x00000000ec37e880,0x00000000ec380000)
  to   space 2560K, 0% used [0x00000000ec380000,0x00000000ec380000,0x00000000ec600000)
 ParOldGen       total 44032K, used 5658K [0x00000000c1200000, 0x00000000c3d00000, 0x00000000eb100000)
  object space 44032K, 12% used [0x00000000c1200000,0x00000000c1786920,0x00000000c3d00000)
 Metaspace       used 18017K, capacity 18328K, committed 18432K, reserved 1064960K
  class space    used 1932K, capacity 2032K, committed 2048K, reserved 1048576K
}
Event: 2.094 GC heap before
{Heap before GC invocations=4 (full 0):
 PSYoungGen      total 18944K, used 18938K [0x00000000eb100000, 0x00000000ec600000, 0x0000000100000000)
  eden space 16384K, 100% used [0x00000000eb100000,0x00000000ec100000,0x00000000ec100000)
  from space 2560K, 99% used [0x00000000ec100000,0x00000000ec37e880,0x00000000ec380000)
  to   space 2560K, 0% used [0x00000000ec380000,0x00000000ec380000,0x00000000ec600000)
 ParOldGen       total 44032K, used 5658K [0x00000000c1200000, 0x00000000c3d00000, 0x00000000eb100000)
  object space 44032K, 12% used [0x00000000c1200000,0x00000000c1786920,0x00000000c3d00000)
 Metaspace       used 19200K, capacity 19454K, committed 19712K, reserved 1067008K
  class space    used 2083K, capacity 2193K, committed 2304K, reserved 1048576K
Event: 2.100 GC heap after
Heap after GC invocations=4 (full 0):
 PSYoungGen      total 18944K, used 2538K [0x00000000eb100000, 0x00000000ec600000, 0x0000000100000000)
  eden space 16384K, 0% used [0x00000000eb100000,0x00000000eb100000,0x00000000ec100000)
  from space 2560K, 99% used [0x00000000ec380000,0x00000000ec5fa870,0x00000000ec600000)
  to   space 2560K, 0% used [0x00000000ec100000,0x00000000ec100000,0x00000000ec380000)
 ParOldGen       total 44032K, used 8043K [0x00000000c1200000, 0x00000000c3d00000, 0x00000000eb100000)
  object space 44032K, 18% used [0x00000000c1200000,0x00000000c19dad30,0x00000000c3d00000)
 Metaspace       used 19200K, capacity 19454K, committed 19712K, reserved 1067008K
  class space    used 2083K, capacity 2193K, committed 2304K, reserved 1048576K
}

Deoptimization events (23 events):
Event: 0.269 Thread 0x000000000241e800 Uncommon trap: reason=unstable_if action=reinterpret pc=0x00000000027fa868 method=java.lang.String.hashCode()I @ 14
Event: 0.320 Thread 0x000000000241e800 Uncommon trap: reason=unstable_if action=reinterpret pc=0x000000000281a684 method=java.lang.String.indexOf(II)I @ 49
Event: 0.414 Thread 0x000000000241e800 Uncommon trap: reason=unstable_if action=reinterpret pc=0x00000000028670ac method=java.lang.String.indexOf([CII[CIII)I @ 123
Event: 0.644 Thread 0x000000000241e800 Uncommon trap: reason=unstable_if action=reinterpret pc=0x00000000028c19c0 method=sun.misc.MetaIndex.mayContain(Ljava/lang/String;)Z @ 38
Event: 0.714 Thread 0x000000000241e800 Uncommon trap: reason=unstable_if action=reinterpret pc=0x000000000291042c method=java.util.HashMap.getNode(ILjava/lang/Object;)Ljava/util/HashMap$Node; @ 129
Event: 0.774 Thread 0x000000000241e800 Uncommon trap: reason=unstable_if action=reinterpret pc=0x00000000028bf9e8 method=java.util.HashMap.getNode(ILjava/lang/Object;)Ljava/util/HashMap$Node; @ 129
Event: 0.905 Thread 0x000000000241e800 Uncommon trap: reason=unstable_if action=reinterpret pc=0x00000000028c7738 method=java.io.WinNTFileSystem.normalize(Ljava/lang/String;)Ljava/lang/String; @ 128
Event: 0.948 Thread 0x000000000241e800 Uncommon trap: reason=unstable_if action=reinterpret pc=0x0000000002972694 method=java.lang.String.indexOf([CII[CIII)I @ 3
Event: 1.032 Thread 0x000000000241e800 Uncommon trap: reason=unstable_if action=reinterpret pc=0x00000000028988b4 method=java.lang.String.indexOf([CII[CIII)I @ 3
Event: 1.044 Thread 0x000000000241e800 Uncommon trap: reason=unstable_if action=reinterpret pc=0x0000000002841d90 method=java.lang.String.indexOf([CII[CIII)I @ 123
Event: 1.136 Thread 0x000000000241e800 Uncommon trap: reason=unstable_if action=reinterpret pc=0x00000000029bf69c method=java.util.HashMap.putVal(ILjava/lang/Object;Ljava/lang/Object;ZZ)Ljava/lang/Object; @ 236
Event: 1.327 Thread 0x000000000241e800 Uncommon trap: reason=predicate action=maybe_recompile pc=0x00000000029d9b98 method=java.lang.String.regionMatches(ZILjava/lang/String;II)Z @ 63
Event: 1.336 Thread 0x000000000241e800 Uncommon trap: reason=bimorphic action=maybe_recompile pc=0x00000000029e77d4 method=java.util.regex.Pattern$Start.match(Ljava/util/regex/Matcher;ILjava/lang/CharSequence;)Z @ 44
Event: 1.451 Thread 0x000000000241e800 Uncommon trap: reason=predicate action=maybe_recompile pc=0x00000000029e76f0 method=java.util.regex.Pattern$SliceI.match(Ljava/util/regex/Matcher;ILjava/lang/CharSequence;)Z @ 21
Event: 1.459 Thread 0x000000000241e800 Uncommon trap: reason=unstable_if action=reinterpret pc=0x0000000002abc0f0 method=java.util.regex.Pattern$Start.match(Ljava/util/regex/Matcher;ILjava/lang/CharSequence;)Z @ 10
Event: 1.481 Thread 0x000000000241e800 Uncommon trap: reason=unstable_if action=reinterpret pc=0x0000000002ac82b8 method=java.lang.CharacterData.of(I)Ljava/lang/CharacterData; @ 4
Event: 1.493 Thread 0x000000000241e800 Uncommon trap: reason=unstable_if action=reinterpret pc=0x0000000002a83d1c method=java.lang.String.indexOf([CII[CIII)I @ 27
Event: 1.558 Thread 0x000000000241e800 Uncommon trap: reason=unstable_if action=reinterpret pc=0x0000000002b03a60 method=java.util.Arrays.equals([B[B)Z @ 12
Event: 1.716 Thread 0x000000000241e800 Uncommon trap: reason=unstable_if action=reinterpret pc=0x0000000002b8d1e8 method=com.sun.org.apache.xerces.internal.impl.XMLEntityScanner.peekChar()I @ 14
Event: 1.818 Thread 0x000000000241e800 Uncommon trap: reason=unstable_if action=reinterpret pc=0x0000000002abbb70 method=java.util.regex.Matcher.reset()Ljava/util/regex/Matcher; @ 47
Event: 1.992 Thread 0x000000000241e800 Uncommon trap: reason=unstable_if action=reinterpret pc=0x0000000002bce23c method=com.sun.org.apache.xerces.internal.utils.XMLLimitAnalyzer.addValue(ILjava/lang/String;I)V @ 78
Event: 2.106 Thread 0x000000000241e800 Uncommon trap: reason=unstable_if action=reinterpret pc=0x00000000028d3cf4 method=java.lang.AbstractStringBuilder.append(Ljava/lang/String;)Ljava/lang/AbstractStringBuilder; @ 1
Event: 2.106 Thread 0x000000000241e800 Uncommon trap: reason=unstable_if action=reinterpret pc=0x00000000028a114c method=java.lang.AbstractStringBuilder.append(Ljava/lang/String;)Ljava/lang/AbstractStringBuilder; @ 1

Classes redefined (0 events):
No events

Internal exceptions (41 events):
Event: 0.062 Thread 0x000000000241e800 Exception <a 'java/lang/NoSuchMethodError': Method sun.misc.Unsafe.defineClass(Ljava/lang/String;[BII)Ljava/lang/Class; name or signature does not match> (0x00000000eb107cb0) thrown at [C:\ojdkbuild\lookaside\java-1.8.0-openjdk\hotspot\src\share\vm\prims\
Event: 0.062 Thread 0x000000000241e800 Exception <a 'java/lang/NoSuchMethodError': Method sun.misc.Unsafe.prefetchRead(Ljava/lang/Object;J)V name or signature does not match> (0x00000000eb107f98) thrown at [C:\ojdkbuild\lookaside\java-1.8.0-openjdk\hotspot\src\share\vm\prims\jni.cpp, line 4020
Event: 0.417 Thread 0x000000000241e800 Exception <a 'java/security/PrivilegedActionException'> (0x00000000eb5cbb98) thrown at [C:\ojdkbuild\lookaside\java-1.8.0-openjdk\hotspot\src\share\vm\prims\jvm.cpp, line 1512]
Event: 0.417 Thread 0x000000000241e800 Exception <a 'java/security/PrivilegedActionException'> (0x00000000eb5cbf90) thrown at [C:\ojdkbuild\lookaside\java-1.8.0-openjdk\hotspot\src\share\vm\prims\jvm.cpp, line 1512]
Event: 0.417 Thread 0x000000000241e800 Exception <a 'java/security/PrivilegedActionException'> (0x00000000eb5ce4a0) thrown at [C:\ojdkbuild\lookaside\java-1.8.0-openjdk\hotspot\src\share\vm\prims\jvm.cpp, line 1512]
Event: 0.417 Thread 0x000000000241e800 Exception <a 'java/security/PrivilegedActionException'> (0x00000000eb5ce898) thrown at [C:\ojdkbuild\lookaside\java-1.8.0-openjdk\hotspot\src\share\vm\prims\jvm.cpp, line 1512]
Event: 0.417 Thread 0x000000000241e800 Exception <a 'java/security/PrivilegedActionException'> (0x00000000eb5cf848) thrown at [C:\ojdkbuild\lookaside\java-1.8.0-openjdk\hotspot\src\share\vm\prims\jvm.cpp, line 1512]
Event: 0.417 Thread 0x000000000241e800 Exception <a 'java/security/PrivilegedActionException'> (0x00000000eb5cfc40) thrown at [C:\ojdkbuild\lookaside\java-1.8.0-openjdk\hotspot\src\share\vm\prims\jvm.cpp, line 1512]
Event: 0.552 Thread 0x000000000241e800 Exception <a 'java/lang/ClassNotFoundException': org/apache/log4j/ConsoleAppenderBeanInfo> (0x00000000eb81f108) thrown at [C:\ojdkbuild\lookaside\java-1.8.0-openjdk\hotspot\src\share\vm\classfile\systemDictionary.cpp, line 210]
Event: 0.553 Thread 0x000000000241e800 Exception <a 'java/lang/ClassNotFoundException': org/apache/log4j/WriterAppenderBeanInfo> (0x00000000eb82da88) thrown at [C:\ojdkbuild\lookaside\java-1.8.0-openjdk\hotspot\src\share\vm\classfile\systemDictionary.cpp, line 210]
Event: 0.553 Thread 0x000000000241e800 Exception <a 'java/lang/ClassNotFoundException': org/apache/log4j/AppenderSkeletonBeanInfo> (0x00000000eb83c690) thrown at [C:\ojdkbuild\lookaside\java-1.8.0-openjdk\hotspot\src\share\vm\classfile\systemDictionary.cpp, line 210]
Event: 0.554 Thread 0x000000000241e800 Exception <a 'java/lang/ClassNotFoundException': org/apache/log4j/spi/ComponentBaseBeanInfo> (0x00000000eb84ba10) thrown at [C:\ojdkbuild\lookaside\java-1.8.0-openjdk\hotspot\src\share\vm\classfile\systemDictionary.cpp, line 210]
Event: 0.554 Thread 0x000000000241e800 Exception <a 'java/lang/ClassNotFoundException': java/lang/ObjectBeanInfo> (0x00000000eb851c98) thrown at [C:\ojdkbuild\lookaside\java-1.8.0-openjdk\hotspot\src\share\vm\classfile\systemDictionary.cpp, line 210]
Event: 0.555 Thread 0x000000000241e800 Exception <a 'java/lang/ClassNotFoundException': java/lang/ObjectCustomizer> (0x00000000eb8580a8) thrown at [C:\ojdkbuild\lookaside\java-1.8.0-openjdk\hotspot\src\share\vm\classfile\systemDictionary.cpp, line 210]
Event: 0.558 Thread 0x000000000241e800 Exception <a 'java/lang/ArrayIndexOutOfBoundsException'> (0x00000000eb859d30) thrown at [C:\ojdkbuild\lookaside\java-1.8.0-openjdk\hotspot\src\share\vm\runtime\sharedRuntime.cpp, line 619]
Event: 0.560 Thread 0x000000000241e800 Exception <a 'java/lang/ArrayIndexOutOfBoundsException'> (0x00000000eb85d060) thrown at [C:\ojdkbuild\lookaside\java-1.8.0-openjdk\hotspot\src\share\vm\runtime\sharedRuntime.cpp, line 619]
Event: 0.561 Thread 0x000000000241e800 Exception <a 'java/lang/ArrayIndexOutOfBoundsException'> (0x00000000eb85f498) thrown at [C:\ojdkbuild\lookaside\java-1.8.0-openjdk\hotspot\src\share\vm\runtime\sharedRuntime.cpp, line 619]
Event: 0.566 Thread 0x000000000241e800 Exception <a 'java/lang/ClassNotFoundException': org/apache/log4j/spi/ComponentBaseCustomizer> (0x00000000eb870d80) thrown at [C:\ojdkbuild\lookaside\java-1.8.0-openjdk\hotspot\src\share\vm\classfile\systemDictionary.cpp, line 210]
Event: 0.568 Thread 0x000000000241e800 Exception <a 'java/lang/ClassNotFoundException': org/apache/log4j/AppenderSkeletonCustomizer> (0x00000000eb882e48) thrown at [C:\ojdkbuild\lookaside\java-1.8.0-openjdk\hotspot\src\share\vm\classfile\systemDictionary.cpp, line 210]
Event: 0.572 Thread 0x000000000241e800 Exception <a 'java/lang/ClassNotFoundException': org/apache/log4j/WriterAppenderCustomizer> (0x00000000eb8a8048) thrown at [C:\ojdkbuild\lookaside\java-1.8.0-openjdk\hotspot\src\share\vm\classfile\systemDictionary.cpp, line 210]
Event: 0.575 Thread 0x000000000241e800 Exception <a 'java/lang/ClassNotFoundException': org/apache/log4j/ConsoleAppenderCustomizer> (0x00000000eb8c44a0) thrown at [C:\ojdkbuild\lookaside\java-1.8.0-openjdk\hotspot\src\share\vm\classfile\systemDictionary.cpp, line 210]
Event: 0.593 Thread 0x000000000241e800 Exception <a 'java/lang/ClassNotFoundException': org/apache/log4j/PatternLayoutBeanInfo> (0x00000000eb96aee0) thrown at [C:\ojdkbuild\lookaside\java-1.8.0-openjdk\hotspot\src\share\vm\classfile\systemDictionary.cpp, line 210]
Event: 0.593 Thread 0x000000000241e800 Exception <a 'java/lang/ClassNotFoundException': org/apache/log4j/LayoutBeanInfo> (0x00000000eb9780d0) thrown at [C:\ojdkbuild\lookaside\java-1.8.0-openjdk\hotspot\src\share\vm\classfile\systemDictionary.cpp, line 210]
Event: 0.594 Thread 0x000000000241e800 Exception <a 'java/lang/ClassNotFoundException': org/apache/log4j/LayoutCustomizer> (0x00000000eb985778) thrown at [C:\ojdkbuild\lookaside\java-1.8.0-openjdk\hotspot\src\share\vm\classfile\systemDictionary.cpp, line 210]
Event: 0.595 Thread 0x000000000241e800 Exception <a 'java/lang/ClassNotFoundException': org/apache/log4j/PatternLayoutCustomizer> (0x00000000eb99c2d8) thrown at [C:\ojdkbuild\lookaside\java-1.8.0-openjdk\hotspot\src\share\vm\classfile\systemDictionary.cpp, line 210]
Event: 0.603 Thread 0x000000000241e800 Exception <a 'java/lang/ClassNotFoundException': org/apache/log4j/rolling/RollingFileAppenderBeanInfo> (0x00000000eb9da358) thrown at [C:\ojdkbuild\lookaside\java-1.8.0-openjdk\hotspot\src\share\vm\classfile\systemDictionary.cpp, line 210]
Event: 0.604 Thread 0x000000000241e800 Exception <a 'java/lang/ClassNotFoundException': org/apache/log4j/FileAppenderBeanInfo> (0x00000000eb9e87a0) thrown at [C:\ojdkbuild\lookaside\java-1.8.0-openjdk\hotspot\src\share\vm\classfile\systemDictionary.cpp, line 210]
Event: 0.604 Thread 0x000000000241e800 Exception <a 'java/lang/ClassNotFoundException': org/apache/log4j/FileAppenderCustomizer> (0x00000000eb9f6fe0) thrown at [C:\ojdkbuild\lookaside\java-1.8.0-openjdk\hotspot\src\share\vm\classfile\systemDictionary.cpp, line 210]
Event: 0.606 Thread 0x000000000241e800 Exception <a 'java/lang/ClassNotFoundException': org/apache/log4j/rolling/RollingFileAppenderCustomizer> (0x00000000eba152f8) thrown at [C:\ojdkbuild\lookaside\java-1.8.0-openjdk\hotspot\src\share\vm\classfile\systemDictionary.cpp, line 210]
Event: 0.612 Thread 0x000000000241e800 Exception <a 'java/lang/ClassNotFoundException': org/apache/log4j/rolling/FixedWindowRollingPolicyBeanInfo> (0x00000000eba5e8b8) thrown at [C:\ojdkbuild\lookaside\java-1.8.0-openjdk\hotspot\src\share\vm\classfile\systemDictionary.cpp, line 210]
Event: 0.612 Thread 0x000000000241e800 Exception <a 'java/lang/ClassNotFoundException': org/apache/log4j/rolling/RollingPolicyBaseBeanInfo> (0x00000000eba6ec78) thrown at [C:\ojdkbuild\lookaside\java-1.8.0-openjdk\hotspot\src\share\vm\classfile\systemDictionary.cpp, line 210]
Event: 0.613 Thread 0x000000000241e800 Exception <a 'java/lang/ClassNotFoundException': org/apache/log4j/rolling/RollingPolicyBaseCustomizer> (0x00000000eba7f950) thrown at [C:\ojdkbuild\lookaside\java-1.8.0-openjdk\hotspot\src\share\vm\classfile\systemDictionary.cpp, line 210]
Event: 0.614 Thread 0x000000000241e800 Exception <a 'java/lang/ClassNotFoundException': org/apache/log4j/rolling/FixedWindowRollingPolicyCustomizer> (0x00000000eba99fe0) thrown at [C:\ojdkbuild\lookaside\java-1.8.0-openjdk\hotspot\src\share\vm\classfile\systemDictionary.cpp, line 210]
Event: 0.619 Thread 0x000000000241e800 Exception <a 'java/lang/ClassNotFoundException': org/apache/log4j/rolling/SizeBasedTriggeringPolicyBeanInfo> (0x00000000ebac3890) thrown at [C:\ojdkbuild\lookaside\java-1.8.0-openjdk\hotspot\src\share\vm\classfile\systemDictionary.cpp, line 210]
Event: 0.619 Thread 0x000000000241e800 Exception <a 'java/lang/ClassNotFoundException': org/apache/log4j/rolling/SizeBasedTriggeringPolicyCustomizer> (0x00000000ebad5bf8) thrown at [C:\ojdkbuild\lookaside\java-1.8.0-openjdk\hotspot\src\share\vm\classfile\systemDictionary.cpp, line 210]
Event: 0.939 Thread 0x000000000241e800 Exception <a 'java/io/FileNotFoundException'> (0x00000000eb798800) thrown at [C:\ojdkbuild\lookaside\java-1.8.0-openjdk\hotspot\src\share\vm\prims\jni.cpp, line 711]
Event: 1.315 Thread 0x000000000241e800 Exception <a 'java/lang/NoSuchFieldError': method resolution failed> (0x00000000eb227408) thrown at [C:\ojdkbuild\lookaside\java-1.8.0-openjdk\hotspot\src\share\vm\prims\methodHandles.cpp, line 1167]
Event: 1.316 Thread 0x000000000241e800 Exception <a 'java/lang/NoSuchFieldError': method resolution failed> (0x00000000eb234ec8) thrown at [C:\ojdkbuild\lookaside\java-1.8.0-openjdk\hotspot\src\share\vm\prims\methodHandles.cpp, line 1167]
Event: 1.558 Thread 0x000000000241e800 Implicit null exception at 0x0000000002b03918 to 0x0000000002b03a4d
Event: 2.106 Thread 0x000000000241e800 Implicit null exception at 0x00000000028d3944 to 0x00000000028d3cdd
Event: 2.106 Thread 0x000000000241e800 Implicit null exception at 0x00000000028a0d89 to 0x00000000028a1131

Events (250 events):
Event: 2.075 loading class org/springframework/security/access/expression/AbstractSecurityExpressionHandler
Event: 2.075 loading class org/springframework/security/access/expression/AbstractSecurityExpressionHandler done
Event: 2.076 loading class org/springframework/security/web/access/expression/ExpressionBasedFilterInvocationSecurityMetadataSource
Event: 2.076 loading class org/springframework/security/web/access/expression/ExpressionBasedFilterInvocationSecurityMetadataSource done
Event: 2.076 loading class org/springframework/security/web/access/intercept/DefaultFilterInvocationSecurityMetadataSource
Event: 2.076 loading class org/springframework/security/web/access/intercept/DefaultFilterInvocationSecurityMetadataSource done
Event: 2.076 loading class org/springframework/security/web/access/intercept/FilterInvocationSecurityMetadataSource
Event: 2.076 loading class org/springframework/security/web/access/intercept/FilterInvocationSecurityMetadataSource done
Event: 2.076 loading class org/springframework/security/access/SecurityMetadataSource
Event: 2.076 loading class org/springframework/security/access/SecurityMetadataSource done
Event: 2.077 loading class org/springframework/security/web/access/expression/WebExpressionVoter
Event: 2.077 loading class org/springframework/security/web/access/expression/WebExpressionVoter done
Event: 2.077 loading class org/springframework/security/access/AccessDecisionVoter
Event: 2.077 loading class org/springframework/security/access/AccessDecisionVoter done
Event: 2.077 loading class org/springframework/security/access/vote/AffirmativeBased
Event: 2.077 loading class org/springframework/security/access/vote/AffirmativeBased done
Event: 2.078 loading class org/springframework/security/access/vote/AbstractAccessDecisionManager
Event: 2.078 loading class org/springframework/security/access/vote/AbstractAccessDecisionManager done
Event: 2.078 loading class org/springframework/security/access/AccessDecisionManager
Event: 2.078 loading class org/springframework/security/access/AccessDecisionManager done
Event: 2.078 loading class org/springframework/security/web/access/intercept/FilterSecurityInterceptor
Event: 2.078 loading class org/springframework/security/web/access/intercept/FilterSecurityInterceptor done
Event: 2.079 loading class org/springframework/security/access/intercept/AbstractSecurityInterceptor
Event: 2.079 loading class org/springframework/security/access/intercept/AbstractSecurityInterceptor done
Event: 2.079 loading class org/springframework/security/web/access/DefaultWebInvocationPrivilegeEvaluator
Event: 2.079 loading class org/springframework/security/web/access/DefaultWebInvocationPrivilegeEvaluator done
Event: 2.080 loading class org/springframework/security/web/access/WebInvocationPrivilegeEvaluator
Event: 2.080 loading class org/springframework/security/web/access/WebInvocationPrivilegeEvaluator done
Event: 2.080 loading class org/springframework/security/config/http/HeadersBeanDefinitionParser
Event: 2.080 loading class org/springframework/security/config/http/HeadersBeanDefinitionParser done
Event: 2.081 loading class org/springframework/security/web/header/HeaderWriterFilter
Event: 2.081 loading class org/springframework/security/web/header/HeaderWriterFilter done
Event: 2.082 loading class org/springframework/security/web/header/writers/CacheControlHeadersWriter
Event: 2.082 loading class org/springframework/security/web/header/writers/CacheControlHeadersWriter done
Event: 2.082 loading class org/springframework/security/web/header/HeaderWriter
Event: 2.082 loading class org/springframework/security/web/header/HeaderWriter done
Event: 2.082 loading class org/springframework/security/web/header/writers/HstsHeaderWriter
Event: 2.082 loading class org/springframework/security/web/header/writers/HstsHeaderWriter done
Event: 2.082 loading class org/springframework/security/web/header/writers/XXssProtectionHeaderWriter
Event: 2.082 loading class org/springframework/security/web/header/writers/XXssProtectionHeaderWriter done
Event: 2.083 loading class org/springframework/security/web/header/writers/frameoptions/XFrameOptionsHeaderWriter
Event: 2.083 loading class org/springframework/security/web/header/writers/frameoptions/XFrameOptionsHeaderWriter done
Event: 2.083 loading class org/springframework/security/web/header/writers/XContentTypeOptionsHeaderWriter
Event: 2.083 loading class org/springframework/security/web/header/writers/XContentTypeOptionsHeaderWriter done
Event: 2.083 loading class org/springframework/security/web/header/writers/StaticHeadersWriter
Event: 2.083 loading class org/springframework/security/web/header/writers/StaticHeadersWriter done
Event: 2.083 loading class org/springframework/security/config/http/CorsBeanDefinitionParser
Event: 2.083 loading class org/springframework/security/config/http/CorsBeanDefinitionParser done
Event: 2.084 loading class org/springframework/security/config/http/AuthenticationConfigBuilder
Event: 2.084 loading class org/springframework/security/config/http/AuthenticationConfigBuilder done
Event: 2.085 loading class org/springframework/security/web/authentication/AnonymousAuthenticationFilter
Event: 2.085 loading class org/springframework/security/web/authentication/AnonymousAuthenticationFilter done
Event: 2.086 loading class org/springframework/security/core/authority/AuthorityUtils
Event: 2.086 loading class org/springframework/security/core/authority/AuthorityUtils done
Event: 2.086 loading class org/springframework/security/core/authority/SimpleGrantedAuthority
Event: 2.086 loading class org/springframework/security/core/authority/SimpleGrantedAuthority done
Event: 2.087 loading class org/springframework/security/core/GrantedAuthority
Event: 2.087 loading class org/springframework/security/core/GrantedAuthority done
Event: 2.087 loading class org/springframework/security/authentication/AnonymousAuthenticationProvider
Event: 2.087 loading class org/springframework/security/authentication/AnonymousAuthenticationProvider done
Event: 2.087 loading class org/springframework/security/authentication/AuthenticationProvider
Event: 2.087 loading class org/springframework/security/authentication/AuthenticationProvider done
Event: 2.088 loading class org/springframework/security/config/http/RememberMeBeanDefinitionParser
Event: 2.088 loading class org/springframework/security/config/http/RememberMeBeanDefinitionParser done
Event: 2.089 loading class org/springframework/security/web/authentication/rememberme/TokenBasedRememberMeServices
Event: 2.089 loading class org/springframework/security/web/authentication/rememberme/TokenBasedRememberMeServices done
Event: 2.089 loading class org/springframework/security/web/authentication/rememberme/AbstractRememberMeServices
Event: 2.089 loading class org/springframework/security/web/authentication/rememberme/AbstractRememberMeServices done
Event: 2.089 loading class org/springframework/security/web/authentication/RememberMeServices
Event: 2.089 loading class org/springframework/security/web/authentication/RememberMeServices done
Event: 2.090 loading class org/springframework/security/web/authentication/logout/LogoutHandler
Event: 2.090 loading class org/springframework/security/web/authentication/logout/LogoutHandler done
Event: 2.090 loading class org/springframework/security/web/authentication/rememberme/RememberMeAuthenticationFilter
Event: 2.090 loading class org/springframework/security/web/authentication/rememberme/RememberMeAuthenticationFilter done
Event: 2.090 loading class org/springframework/security/authentication/RememberMeAuthenticationProvider
Event: 2.090 loading class org/springframework/security/authentication/RememberMeAuthenticationProvider done
Event: 2.091 loading class org/springframework/security/web/authentication/www/BasicAuthenticationFilter
Event: 2.091 loading class org/springframework/security/web/authentication/www/BasicAuthenticationFilter done
Event: 2.091 loading class org/springframework/security/web/authentication/www/BasicAuthenticationEntryPoint
Event: 2.091 loading class org/springframework/security/web/authentication/www/BasicAuthenticationEntryPoint done
Event: 2.092 loading class org/springframework/security/web/AuthenticationEntryPoint
Event: 2.092 loading class org/springframework/security/web/AuthenticationEntryPoint done
Event: 2.092 loading class org/springframework/security/config/http/FormLoginBeanDefinitionParser
Event: 2.092 loading class org/springframework/security/config/http/FormLoginBeanDefinitionParser done
Event: 2.093 loading class org/springframework/security/config/http/WebConfigUtils
Event: 2.093 loading class org/springframework/security/config/http/WebConfigUtils done
Event: 2.093 loading class org/springframework/security/web/util/UrlUtils
Event: 2.093 loading class org/springframework/security/web/util/UrlUtils done
Event: 2.093 loading class org/springframework/security/web/authentication/SavedRequestAwareAuthenticationSuccessHandler
Event: 2.093 loading class org/springframework/security/web/authentication/SavedRequestAwareAuthenticationSuccessHandler done
Event: 2.094 loading class org/springframework/security/web/authentication/SimpleUrlAuthenticationSuccessHandler
Event: 2.094 loading class org/springframework/security/web/authentication/SimpleUrlAuthenticationSuccessHandler done
Event: 2.094 loading class org/springframework/security/web/authentication/AuthenticationSuccessHandler
Event: 2.094 loading class org/springframework/security/web/authentication/AuthenticationSuccessHandler done
Event: 2.094 loading class org/springframework/security/web/authentication/AbstractAuthenticationTargetUrlRequestHandler
Event: 2.094 loading class org/springframework/security/web/authentication/AbstractAuthenticationTargetUrlRequestHandler done
Event: 2.094 loading class org/springframework/security/web/authentication/LoginUrlAuthenticationEntryPoint
Event: 2.094 loading class org/springframework/security/web/authentication/LoginUrlAuthenticationEntryPoint done
Event: 2.094 Executing VM operation: ParallelGCFailedAllocation
Event: 2.100 Executing VM operation: ParallelGCFailedAllocation done
Event: 2.101 loading class org/springframework/security/config/http/LogoutBeanDefinitionParser
Event: 2.101 loading class org/springframework/security/config/http/LogoutBeanDefinitionParser done
Event: 2.102 loading class org/springframework/security/web/authentication/logout/LogoutFilter
Event: 2.102 loading class org/springframework/security/web/authentication/logout/LogoutFilter done
Event: 2.102 loading class org/springframework/security/web/authentication/logout/SecurityContextLogoutHandler
Event: 2.102 loading class org/springframework/security/web/authentication/logout/SecurityContextLogoutHandler done
Event: 2.102 loading class org/springframework/security/web/authentication/logout/CookieClearingLogoutHandler
Event: 2.102 loading class org/springframework/security/web/authentication/logout/CookieClearingLogoutHandler done
Event: 2.103 loading class org/springframework/security/config/http/UserDetailsServiceFactoryBean
Event: 2.103 loading class org/springframework/security/config/http/UserDetailsServiceFactoryBean done
Event: 2.104 loading class org/springframework/security/web/access/ExceptionTranslationFilter
Event: 2.104 loading class org/springframework/security/web/access/ExceptionTranslationFilter done
Event: 2.104 loading class org/springframework/security/web/access/AccessDeniedHandlerImpl
Event: 2.104 loading class org/springframework/security/web/access/AccessDeniedHandlerImpl done
Event: 2.104 loading class org/springframework/security/web/access/AccessDeniedHandler
Event: 2.104 loading class org/springframework/security/web/access/AccessDeniedHandler done
Event: 2.105 loading class org/springframework/security/config/http/OrderDecorator
Event: 2.105 loading class org/springframework/security/config/http/OrderDecorator done
Event: 2.105 loading class org/springframework/security/config/http/SecurityFilters
Event: 2.105 loading class org/springframework/security/config/http/SecurityFilters done
Event: 2.106 Thread 0x000000000241e800 Uncommon trap: trap_request=0xffffff65 fr.pc=0x00000000028d3cf4
Event: 2.106 Thread 0x000000000241e800 DEOPT PACKING pc=0x00000000028d3cf4 sp=0x00000000026cdcd0
Event: 2.106 Thread 0x000000000241e800 DEOPT UNPACKING pc=0x000000000271557b sp=0x00000000026cdc60 mode 2
Event: 2.106 Thread 0x000000000241e800 Uncommon trap: trap_request=0xffffff65 fr.pc=0x00000000028a114c
Event: 2.106 Thread 0x000000000241e800 DEOPT PACKING pc=0x00000000028a114c sp=0x00000000026cdc60
Event: 2.106 Thread 0x000000000241e800 DEOPT UNPACKING pc=0x000000000271557b sp=0x00000000026cdc60 mode 2
Event: 2.107 loading class org/springframework/security/authentication/dao/DaoAuthenticationProvider
Event: 2.107 loading class org/springframework/security/authentication/dao/DaoAuthenticationProvider done
Event: 2.108 loading class org/springframework/security/authentication/dao/AbstractUserDetailsAuthenticationProvider
Event: 2.108 loading class org/springframework/security/authentication/dao/AbstractUserDetailsAuthenticationProvider done
Event: 2.108 loading class org/springframework/security/config/authentication/PasswordEncoderParser
Event: 2.108 loading class org/springframework/security/config/authentication/PasswordEncoderParser done
Event: 2.109 loading class org/springframework/security/authentication/encoding/PlaintextPasswordEncoder
Event: 2.109 loading class org/springframework/security/authentication/encoding/PlaintextPasswordEncoder done
Event: 2.109 loading class org/springframework/security/authentication/encoding/BasePasswordEncoder
Event: 2.109 loading class org/springframework/security/authentication/encoding/BasePasswordEncoder done
Event: 2.110 loading class org/springframework/security/authentication/encoding/PasswordEncoder
Event: 2.110 loading class org/springframework/security/authentication/encoding/PasswordEncoder done
Event: 2.110 loading class org/springframework/security/crypto/bcrypt/BCryptPasswordEncoder
Event: 2.110 loading class org/springframework/security/crypto/bcrypt/BCryptPasswordEncoder done
Event: 2.110 loading class org/springframework/security/crypto/password/PasswordEncoder
Event: 2.110 loading class org/springframework/security/crypto/password/PasswordEncoder done
Event: 2.111 loading class org/springframework/security/authentication/encoding/ShaPasswordEncoder
Event: 2.111 loading class org/springframework/security/authentication/encoding/ShaPasswordEncoder done
Event: 2.111 loading class org/springframework/security/authentication/encoding/MessageDigestPasswordEncoder
Event: 2.111 loading class org/springframework/security/authentication/encoding/MessageDigestPasswordEncoder done
Event: 2.111 loading class org/springframework/security/authentication/encoding/BaseDigestPasswordEncoder
Event: 2.111 loading class org/springframework/security/authentication/encoding/BaseDigestPasswordEncoder done
Event: 2.111 loading class org/springframework/security/authentication/encoding/Md4PasswordEncoder
Event: 2.112 loading class org/springframework/security/authentication/encoding/Md4PasswordEncoder done
Event: 2.112 loading class org/springframework/security/authentication/encoding/Md5PasswordEncoder
Event: 2.112 loading class org/springframework/security/authentication/encoding/Md5PasswordEncoder done
Event: 2.112 loading class org/springframework/security/authentication/encoding/LdapShaPasswordEncoder
Event: 2.112 loading class org/springframework/security/authentication/encoding/LdapShaPasswordEncoder done
Event: 2.113 loading class org/springframework/security/authentication/DefaultAuthenticationEventPublisher
Event: 2.113 loading class org/springframework/security/authentication/DefaultAuthenticationEventPublisher done
Event: 2.114 loading class org/springframework/security/authentication/AuthenticationEventPublisher
Event: 2.114 loading class org/springframework/security/authentication/AuthenticationEventPublisher done
Event: 2.115 loading class sun/util/locale/provider/TimeZoneNameUtility
Event: 2.115 loading class sun/util/locale/provider/TimeZoneNameUtility done
Event: 2.116 loading class sun/util/locale/provider/TimeZoneNameProviderImpl
Event: 2.116 loading class sun/util/locale/provider/TimeZoneNameProviderImpl done
Event: 2.116 loading class sun/util/locale/provider/TimeZoneNameUtility$TimeZoneNameGetter
Event: 2.116 loading class sun/util/locale/provider/TimeZoneNameUtility$TimeZoneNameGetter done
Event: 2.116 loading class sun/util/resources/TimeZoneNames
Event: 2.117 loading class sun/util/resources/TimeZoneNamesBundle
Event: 2.117 loading class sun/util/resources/TimeZoneNamesBundle done
Event: 2.117 loading class sun/util/resources/TimeZoneNames done
Event: 2.118 loading class sun/util/resources/en/TimeZoneNames_en
Event: 2.118 loading class sun/util/resources/en/TimeZoneNames_en done
Event: 2.120 loading class org/springframework/web/context/support/WebApplicationContextUtils
Event: 2.120 loading class org/springframework/web/context/support/WebApplicationContextUtils done
Event: 2.121 loading class org/springframework/beans/factory/config/Scope
Event: 2.121 loading class org/springframework/beans/factory/config/Scope done
Event: 2.122 loading class org/springframework/web/context/support/ServletContextPropertySource
Event: 2.122 loading class org/springframework/web/context/support/ServletContextPropertySource done
Event: 2.122 loading class org/springframework/web/context/support/ServletConfigPropertySource
Event: 2.122 loading class org/springframework/web/context/support/ServletConfigPropertySource done
Event: 2.122 loading class org/springframework/web/context/request/RequestContextHolder
Event: 2.122 loading class org/springframework/web/context/request/RequestContextHolder done
Event: 2.123 loading class javax/faces/context/FacesContext
Event: 2.123 loading class javax/faces/context/FacesContext done
Event: 2.124 loading class javax/faces/context$FacesContext
Event: 2.124 loading class javax/faces/context$FacesContext done
Event: 2.124 loading class org/springframework/context/expression/StandardBeanExpressionResolver
Event: 2.124 loading class org/springframework/context/expression/StandardBeanExpressionResolver done
Event: 2.125 loading class org/springframework/expression/ParserContext
Event: 2.125 loading class org/springframework/expression/ParserContext done
Event: 2.126 loading class org/springframework/expression/ExpressionParser
Event: 2.126 loading class org/springframework/expression/ExpressionParser done
Event: 2.126 loading class org/springframework/expression/PropertyAccessor
Event: 2.126 loading class org/springframework/expression/PropertyAccessor done
Event: 2.126 loading class org/springframework/expression/BeanResolver
Event: 2.126 loading class org/springframework/expression/BeanResolver done
Event: 2.126 loading class org/springframework/expression/TypeLocator
Event: 2.126 loading class org/springframework/expression/TypeLocator done
Event: 2.126 loading class org/springframework/expression/TypeConverter
Event: 2.126 loading class org/springframework/expression/TypeConverter done
Event: 2.126 loading class org/springframework/expression/EvaluationContext
Event: 2.126 loading class org/springframework/expression/EvaluationContext done
Event: 2.127 loading class org/springframework/beans/factory/BeanExpressionException
Event: 2.127 loading class org/springframework/beans/factory/BeanExpressionException done
Event: 2.127 loading class org/springframework/context/expression/StandardBeanExpressionResolver$1
Event: 2.127 loading class org/springframework/context/expression/StandardBeanExpressionResolver$1 done
Event: 2.127 loading class org/springframework/expression/spel/standard/SpelExpressionParser
Event: 2.127 loading class org/springframework/expression/spel/standard/SpelExpressionParser done
Event: 2.127 loading class org/springframework/expression/common/TemplateAwareExpressionParser
Event: 2.127 loading class org/springframework/expression/common/TemplateAwareExpressionParser done
Event: 2.128 loading class org/springframework/expression/ParseException
Event: 2.128 loading class org/springframework/expression/ParseException done
Event: 2.128 loading class org/springframework/expression/ExpressionException
Event: 2.128 loading class org/springframework/expression/ExpressionException done
Event: 2.128 loading class org/springframework/expression/Expression
Event: 2.128 loading class org/springframework/expression/Expression done
Event: 2.128 loading class org/springframework/expression/common/TemplateAwareExpressionParser$1
Event: 2.128 loading class org/springframework/expression/common/TemplateAwareExpressionParser$1 done
Event: 2.129 loading class org/springframework/expression/spel/SpelParserConfiguration
Event: 2.129 loading class org/springframework/expression/spel/SpelParserConfiguration done
Event: 2.129 loading class org/springframework/expression/spel/SpelCompilerMode
Event: 2.129 loading class org/springframework/expression/spel/SpelCompilerMode done
Event: 2.129 loading class org/springframework/beans/support/ResourceEditorRegistrar
Event: 2.129 loading class org/springframework/beans/support/ResourceEditorRegistrar done
Event: 2.129 loading class java/beans/PropertyEditor
Event: 2.129 loading class java/beans/PropertyEditor done
Event: 2.130 loading class org/springframework/context/support/ApplicationContextAwareProcessor
Event: 2.130 loading class org/springframework/context/support/ApplicationContextAwareProcessor done
Event: 2.130 loading class org/springframework/beans/factory/config/EmbeddedValueResolver
Event: 2.130 loading class org/springframework/beans/factory/config/EmbeddedValueResolver done
Event: 2.130 loading class org/springframework/beans/factory/config/BeanExpressionContext
Event: 2.130 loading class org/springframework/beans/factory/config/BeanExpressionContext done
Event: 2.130 loading class org/springframework/context/support/ApplicationListenerDetector
Event: 2.130 loading class org/springframework/context/support/ApplicationListenerDetector done
Event: 2.131 loading class org/springframework/web/context/support/ServletContextAwareProcessor
Event: 2.131 loading class org/springframework/web/context/support/ServletContextAwareProcessor done
Event: 2.131 loading class org/springframework/web/context/request/RequestScope
Event: 2.131 loading class org/springframework/web/context/request/RequestScope done
Event: 2.131 loading class org/springframework/web/context/request/AbstractRequestAttributesScope
Event: 2.131 loading class org/springframework/web/context/request/AbstractRequestAttributesScope done
Event: 2.132 loading class org/springframework/web/context/request/SessionScope
Event: 2.132 loading class org/springframework/web/context/request/SessionScope done
Event: 2.132 loading class org/springframework/web/context/support/ServletContextScope
Event: 2.132 loading class org/springframework/web/context/support/ServletContextScope done
Event: 2.132 loading class org/springframework/web/context/support/WebApplicationContextUtils$RequestObjectFactory
Event: 2.132 loading class org/springframework/web/context/support/WebApplicationContextUtils$RequestObjectFactory done
Event: 2.133 loading class org/springframework/web/context/support/WebApplicationContextUtils$ResponseObjectFactory
Event: 2.133 loading class org/springframework/web/context/support/WebApplicationContextUtils$ResponseObjectFactory done
Event: 2.133 loading class org/springframework/web/context/support/WebApplicationContextUtils$SessionObjectFactory
Event: 2.133 loading class org/springframework/web/context/support/WebApplicationContextUtils$SessionObjectFactory done
Event: 2.134 loading class org/springframework/web/context/request/WebRequest
Event: 2.134 loading class org/springframework/web/context/request/WebRequest done


Dynamic libraries:
0x000000013f340000 - 0x000000013f389000 	C:\egov\jdk1.8.0_212\bin\javaw.exe
0x0000000077700000 - 0x000000007789f000 	C:\Windows\SYSTEM32\ntdll.dll
0x00000000775e0000 - 0x00000000776ff000 	C:\Windows\system32\kernel32.dll
0x000007fefd4c0000 - 0x000007fefd527000 	C:\Windows\system32\KERNELBASE.dll
0x000007feff010000 - 0x000007feff0eb000 	C:\Windows\system32\ADVAPI32.dll
0x000007fefef70000 - 0x000007feff00f000 	C:\Windows\system32\msvcrt.dll
0x000007feff8a0000 - 0x000007feff8bf000 	C:\Windows\SYSTEM32\sechost.dll
0x000007fefe890000 - 0x000007fefe9bc000 	C:\Windows\system32\RPCRT4.dll
0x00000000774e0000 - 0x00000000775db000 	C:\Windows\system32\USER32.dll
0x000007fefea50000 - 0x000007fefeab7000 	C:\Windows\system32\GDI32.dll
0x000007fefed10000 - 0x000007fefed1e000 	C:\Windows\system32\LPK.dll
0x000007fefedc0000 - 0x000007fefee8b000 	C:\Windows\system32\USP10.dll
0x000007fefbca0000 - 0x000007fefbe95000 	C:\Windows\WinSxS\amd64_microsoft.windows.common-controls_6595b64144ccf1df_6.0.7601.24483_none_e372d88f30fbb845\COMCTL32.dll
0x000007fefe680000 - 0x000007fefe6f1000 	C:\Windows\system32\SHLWAPI.dll
0x000007fefe9c0000 - 0x000007fefe9ee000 	C:\Windows\system32\IMM32.DLL
0x000007feff8c0000 - 0x000007feff9cb000 	C:\Windows\system32\MSCTF.dll
0x000000006fcd0000 - 0x000000006fda2000 	C:\egov\jdk1.8.0_212\jre\bin\msvcr100.dll
0x000000006f410000 - 0x000000006fcd0000 	C:\egov\jdk1.8.0_212\jre\bin\server\jvm.dll
0x000007fef8c60000 - 0x000007fef8c69000 	C:\Windows\system32\WSOCK32.dll
0x000007fefeac0000 - 0x000007fefeb0d000 	C:\Windows\system32\WS2_32.dll
0x000007fefe670000 - 0x000007fefe678000 	C:\Windows\system32\NSI.dll
0x000007fef9390000 - 0x000007fef93cb000 	C:\Windows\system32\WINMM.dll
0x000007fefc330000 - 0x000007fefc33c000 	C:\Windows\system32\VERSION.dll
0x00000000778b0000 - 0x00000000778b7000 	C:\Windows\system32\PSAPI.DLL
0x000007fef6710000 - 0x000007fef671f000 	C:\egov\jdk1.8.0_212\jre\bin\verify.dll
0x000007fef52b0000 - 0x000007fef52d9000 	C:\egov\jdk1.8.0_212\jre\bin\java.dll
0x000007fef5290000 - 0x000007fef52a6000 	C:\egov\jdk1.8.0_212\jre\bin\zip.dll
0x000007fefd610000 - 0x000007fefe39b000 	C:\Windows\system32\SHELL32.dll
0x000007fefeb10000 - 0x000007fefed0f000 	C:\Windows\system32\ole32.dll
0x000007fefd250000 - 0x000007fefd25f000 	C:\Windows\system32\profapi.dll
0x000007fef5270000 - 0x000007fef528a000 	C:\egov\jdk1.8.0_212\jre\bin\net.dll
0x000007fefe700000 - 0x000007fefe88a000 	C:\Windows\system32\urlmon.dll
0x000007fefd5b0000 - 0x000007fefd5b4000 	C:\Windows\system32\api-ms-win-downlevel-ole32-l1-1-0.dll
0x000007fefd530000 - 0x000007fefd534000 	C:\Windows\system32\api-ms-win-downlevel-shlwapi-l1-1-0.dll
0x000007fefd600000 - 0x000007fefd605000 	C:\Windows\system32\api-ms-win-downlevel-advapi32-l1-1-0.dll
0x000007fefd5d0000 - 0x000007fefd5d4000 	C:\Windows\system32\api-ms-win-downlevel-user32-l1-1-0.dll
0x000007fefd580000 - 0x000007fefd584000 	C:\Windows\system32\api-ms-win-downlevel-version-l1-1-0.dll
0x000007fefd5c0000 - 0x000007fefd5c3000 	C:\Windows\system32\api-ms-win-downlevel-normaliz-l1-1-0.dll
0x00000000778a0000 - 0x00000000778a3000 	C:\Windows\system32\normaliz.DLL
0x000007fefe3a0000 - 0x000007fefe66c000 	C:\Windows\system32\iertutil.dll
0x000007feff190000 - 0x000007feff63c000 	C:\Windows\system32\WININET.dll
0x000007fefd590000 - 0x000007fefd5af000 	C:\Windows\system32\USERENV.dll
0x000007fefca80000 - 0x000007fefcad5000 	C:\Windows\system32\mswsock.dll
0x000007fefcc40000 - 0x000007fefcc47000 	C:\Windows\System32\wship6.dll
0x000007fee9a00000 - 0x000007fee9a14000 	C:\egov\jdk1.8.0_212\jre\bin\sunec.dll
0x000007fefcae0000 - 0x000007fefcaf8000 	C:\Windows\system32\CRYPTSP.dll
0x000007fefc6b0000 - 0x000007fefc6f7000 	C:\Windows\system32\rsaenh.dll
0x000007fefd0b0000 - 0x000007fefd0bf000 	C:\Windows\system32\CRYPTBASE.dll
0x000007fefadb0000 - 0x000007fefadd7000 	C:\Windows\system32\IPHLPAPI.DLL
0x000007fefada0000 - 0x000007fefadab000 	C:\Windows\system32\WINNSI.DLL
0x000007fefaae0000 - 0x000007fefaaf1000 	C:\Windows\system32\dhcpcsvc6.DLL
0x000007fefaa60000 - 0x000007fefaa78000 	C:\Windows\system32\dhcpcsvc.DLL
0x000007fef5250000 - 0x000007fef5261000 	C:\egov\jdk1.8.0_212\jre\bin\nio.dll
0x000007fee9900000 - 0x000007fee990b000 	C:\egov\jdk1.8.0_212\jre\bin\sunmscapi.dll
0x000007fefd270000 - 0x000007fefd3dd000 	C:\Windows\system32\CRYPT32.dll
0x000007fefd260000 - 0x000007fefd26f000 	C:\Windows\system32\MSASN1.dll
0x000007fefc400000 - 0x000007fefc407000 	C:\Windows\System32\wshtcpip.dll
0x000007fefc970000 - 0x000007fefc9cb000 	C:\Windows\system32\DNSAPI.dll
0x000007fefa450000 - 0x000007fefa458000 	C:\Windows\system32\rasadhlp.dll
0x000007fefab90000 - 0x000007fefabe3000 	C:\Windows\System32\fwpuclnt.dll

VM Arguments:
jvm_args: -ea -Dfile.encoding=UTF-8 
java_command: org.eclipse.jdt.internal.junit.runner.RemoteTestRunner -version 3 -port 51325 -testLoaderClass org.eclipse.jdt.internal.junit4.runner.JUnit4TestLoader -loaderpluginname org.eclipse.jdt.junit4.runtime -classNames org.edu.test.DataSourceTest
java_class_path (initial): C:\egov\workspace\Komyunghak\target\test-classes;C:\egov\workspace\Komyunghak\target\classes;C:\egov\workspace\Komyunghak\src\main\webapp\WEB-INF\lib\webapp-runner-8.0.33.0.jar;C:\egov\workspace\Komyunghak\src\main\webapp\WEB-INF\lib\log4j-1.3alpha-8.jar;C:\egov\repository\org\springframework\spring-context\4.3.22.RELEASE\spring-context-4.3.22.RELEASE.jar;C:\egov\repository\org\springframework\spring-aop\4.3.22.RELEASE\spring-aop-4.3.22.RELEASE.jar;C:\egov\repository\org\springframework\spring-beans\4.3.22.RELEASE\spring-beans-4.3.22.RELEASE.jar;C:\egov\repository\org\springframework\spring-core\4.3.22.RELEASE\spring-core-4.3.22.RELEASE.jar;C:\egov\repository\org\springframework\spring-expression\4.3.22.RELEASE\spring-expression-4.3.22.RELEASE.jar;C:\egov\repository\org\springframework\spring-webmvc\4.3.22.RELEASE\spring-webmvc-4.3.22.RELEASE.jar;C:\egov\repository\org\springframework\spring-web\4.3.22.RELEASE\spring-web-4.3.22.RELEASE.jar;C:\egov\repository\org\aspectj\aspectjrt\1.8.9\aspectjrt-1.8.9.jar;C:\egov\repository\org\slf4j\slf4j-api\1.6.6\slf4j-api-1.6.6.jar;C:\egov\repository\org\slf4j\jcl-over-slf4j\1.6.6\jcl-over-slf4j-1.6.6.jar;C:\egov\repository\org\slf4j\slf4j-log4j12\1.6.6\slf4j-log4j12-1.6.6.jar;C:\egov\repository\log4j\log4j\1.2.15\log4j-1.2.15.jar;C:\egov\repository\javax\inject\javax.inject\1\javax.inject-1.jar;C:\egov\repository\javax\servlet\javax.servlet-api\3.0.1\javax.servlet-api-3.0.1.jar;C:\egov\repository\javax\servlet\jsp\jsp-api\2.1\jsp-api-2.1.jar;C:\egov\repository\javax\servlet\jstl\1.2\jstl-1.2.jar;C:\egov\repository\junit\junit\4.12\junit-4.12.jar;C:\egov\repository\org\hamcrest\hamcrest-core\1.3\hamcrest-core-1.3.jar;C:\egov\repository\org\springframework\spring-test\4.3.22.RELEASE\spring-test-4.3.22.RELEASE.jar;C:\egov\repository\commons-net\commons-net\3.6\commons-net-3.6.jar;C:\egov\repository\org\aspectj\aspectjweaver\1.8.9\aspectjweaver-1.8.9.jar;C:\egov\repository\org\springframework\spring-jdb
Launcher Type: SUN_STANDARD

Environment Variables:
JAVA_HOME=C:\Program Files\JAVA\jdk1.8.0_212\bin
PATH=C:\oraclexe\app\oracle\product\11.2.0\server\bin;;C:\Windows\system32;C:\Windows;C:\Windows\System32\Wbem;C:\Windows\System32\WindowsPowerShell\v1.0\;C:\Program Files\JAVA\jdk1.8.0_212\bin;C:\Program Files\Git\cmd;C:\Program Files\Bandizip\
USERNAME=hu-412
OS=Windows_NT
PROCESSOR_IDENTIFIER=Intel64 Family 6 Model 60 Stepping 3, GenuineIntel



---------------  S Y S T E M  ---------------

OS: Windows 7 , 64 bit Build 7601 (6.1.7601.24545)

CPU:total 4 (initial active 4) (2 cores per cpu, 2 threads per core) family 6 model 60 stepping 3, cmov, cx8, fxsr, mmx, sse, sse2, sse3, ssse3, sse4.1, sse4.2, popcnt, avx, avx2, aes, clmul, erms, lzcnt, ht, tsc, tscinvbit, bmi1, bmi2

Memory: 4k page, physical 4115320k(289620k free), swap 8496944k(5404k free)

vm_info: OpenJDK 64-Bit Server VM (25.212-b04) for windows-amd64 JRE (1.8.0_212-1-ojdkbuild-b04), built on Apr 23 2019 06:07:37 by "Administrator" with MS VC++ 10.0 (VS2010)

time: Thu Jul 23 11:48:06 2020
timezone:  
elapsed time: 2 seconds (0d 0h 0m 2s)

